debug: Mon, 25 Nov 2024 06:57:31 GMT
debug: Project: E:\lianlukeji\frontend\cocos\menghuanfarm
debug: Targets: editor,preview
debug: Incremental file seems great.
debug: Engine path: D:\cocos-dashboard-editors\Creator\3.6.1\resources\resources\3d\engine
debug: Initializing target [Editor]
debug: Loading cache
debug: Loading cache costs 4.8920000195503235ms.
debug: Engine features shipped in editor: base,gfx-webgl,gfx-webgl2,3d,animation,skeletal-animation,2d,ui,particle,particle-2d,physics-framework,physics-2d-framework,intersection-2d,primitive,profiler,occlusion-query,geometry-renderer,debug-renderer,audio,video,xr,terrain,webview,tween,tiled-map,spine,dragon-bones,marionette,custom-pipeline
debug: Our import map(foo:/bar): {
  "imports": {
    "cc": "cce:/internal/x/cc"
  }
}
debug: Initializing target [Preview]
debug: Loading cache
debug: Loading cache costs 4.3033000230789185ms.
debug: Our import map(foo:/bar): {
  "imports": {
    "cc": "cce:/internal/x/cc"
  }
}
debug: Sync engine features: 2d,animation,audio,base,dragon-bones,gfx-webgl,gfx-webgl2,intersection-2d,marionette,particle-2d,physics-2d-box2d,profiler,skeletal-animation,spine,tiled-map,tween,ui,video,webview,xr
debug: Reset databases. Enumerated domains: [
  {
    "root": "db://internal/",
    "physical": "D:\\cocos-dashboard-editors\\Creator\\3.6.1\\resources\\resources\\3d\\engine\\editor\\assets"
  },
  {
    "root": "db://assets/",
    "physical": "E:\\lianlukeji\\frontend\\cocos\\menghuanfarm\\assets"
  }
]
debug: Our import map(foo:/bar): {
  "imports": {
    "cc": "cce:/internal/x/cc",
    "db://internal/": "file:///D:/cocos-dashboard-editors/Creator/3.6.1/resources/resources/3d/engine/editor/assets/",
    "db://assets/": "file:///E:/lianlukeji/frontend/cocos/menghuanfarm/assets/"
  }
}
debug: Our import map(foo:/bar): {
  "imports": {
    "cc": "cce:/internal/x/cc",
    "db://internal/": "file:///D:/cocos-dashboard-editors/Creator/3.6.1/resources/resources/3d/engine/editor/assets/",
    "db://assets/": "file:///E:/lianlukeji/frontend/cocos/menghuanfarm/assets/"
  }
}
debug: Pulling asset-db.
debug: Fetch asset-db cost: 7.801100015640259ms.
debug: Build iteration starts.
Number of accumulated asset changes: 32
Feature changed: false
debug: Target(editor) build started.
debug: Detected change: cce:/internal/x/cc. Last mtime: Thu Jan 01 1970 08:00:09 GMT+0800 (中国标准时间), Current mtime: Thu Jan 01 1970 08:00:06 GMT+0800 (中国标准时间)
debug: Inspect cce:/internal/x/cc
debug: Resolve cce:/internal/x/cc-fu/base from cce:/internal/x/cc as external dependency cce:/internal/x/cc-fu/base.
debug: Resolve cce:/internal/x/cc-fu/gfx-webgl from cce:/internal/x/cc as external dependency cce:/internal/x/cc-fu/gfx-webgl.
debug: Resolve cce:/internal/x/cc-fu/gfx-webgl2 from cce:/internal/x/cc as external dependency cce:/internal/x/cc-fu/gfx-webgl2.
debug: Resolve cce:/internal/x/cc-fu/3d from cce:/internal/x/cc as external dependency cce:/internal/x/cc-fu/3d.
debug: Resolve cce:/internal/x/cc-fu/animation from cce:/internal/x/cc as external dependency cce:/internal/x/cc-fu/animation.
debug: Resolve cce:/internal/x/cc-fu/skeletal-animation from cce:/internal/x/cc as external dependency cce:/internal/x/cc-fu/skeletal-animation.
debug: Resolve cce:/internal/x/cc-fu/2d from cce:/internal/x/cc as external dependency cce:/internal/x/cc-fu/2d.
debug: Resolve cce:/internal/x/cc-fu/ui from cce:/internal/x/cc as external dependency cce:/internal/x/cc-fu/ui.
debug: Resolve cce:/internal/x/cc-fu/particle from cce:/internal/x/cc as external dependency cce:/internal/x/cc-fu/particle.
debug: Resolve cce:/internal/x/cc-fu/particle-2d from cce:/internal/x/cc as external dependency cce:/internal/x/cc-fu/particle-2d.
debug: Resolve cce:/internal/x/cc-fu/physics-framework from cce:/internal/x/cc as external dependency cce:/internal/x/cc-fu/physics-framework.
debug: Resolve cce:/internal/x/cc-fu/physics-2d-framework from cce:/internal/x/cc as external dependency cce:/internal/x/cc-fu/physics-2d-framework.
debug: Resolve cce:/internal/x/cc-fu/intersection-2d from cce:/internal/x/cc as external dependency cce:/internal/x/cc-fu/intersection-2d.
debug: Resolve cce:/internal/x/cc-fu/primitive from cce:/internal/x/cc as external dependency cce:/internal/x/cc-fu/primitive.
debug: Resolve cce:/internal/x/cc-fu/profiler from cce:/internal/x/cc as external dependency cce:/internal/x/cc-fu/profiler.
debug: Resolve cce:/internal/x/cc-fu/geometry-renderer from cce:/internal/x/cc as external dependency cce:/internal/x/cc-fu/geometry-renderer.
debug: Resolve cce:/internal/x/cc-fu/audio from cce:/internal/x/cc as external dependency cce:/internal/x/cc-fu/audio.
debug: Resolve cce:/internal/x/cc-fu/video from cce:/internal/x/cc as external dependency cce:/internal/x/cc-fu/video.
debug: Resolve cce:/internal/x/cc-fu/xr from cce:/internal/x/cc as external dependency cce:/internal/x/cc-fu/xr.
debug: Resolve cce:/internal/x/cc-fu/terrain from cce:/internal/x/cc as external dependency cce:/internal/x/cc-fu/terrain.
debug: Resolve cce:/internal/x/cc-fu/webview from cce:/internal/x/cc as external dependency cce:/internal/x/cc-fu/webview.
debug: Resolve cce:/internal/x/cc-fu/tween from cce:/internal/x/cc as external dependency cce:/internal/x/cc-fu/tween.
debug: Resolve cce:/internal/x/cc-fu/tiled-map from cce:/internal/x/cc as external dependency cce:/internal/x/cc-fu/tiled-map.
debug: Resolve cce:/internal/x/cc-fu/spine from cce:/internal/x/cc as external dependency cce:/internal/x/cc-fu/spine.
debug: Resolve cce:/internal/x/cc-fu/dragon-bones from cce:/internal/x/cc as external dependency cce:/internal/x/cc-fu/dragon-bones.
debug: Resolve cce:/internal/x/cc-fu/custom-pipeline from cce:/internal/x/cc as external dependency cce:/internal/x/cc-fu/custom-pipeline.
debug: Detected change: cce:/internal/x/prerequisite-imports. Last mtime: Thu Jan 01 1970 08:02:41 GMT+0800 (中国标准时间), Current mtime: Thu Jan 01 1970 08:00:06 GMT+0800 (中国标准时间)
debug: Inspect cce:/internal/x/prerequisite-imports
debug: Resolve file:///E:/lianlukeji/frontend/cocos/menghuanfarm/assets/code/adaptiveCanvas.ts from cce:/internal/x/prerequisite-imports as file:///E:/lianlukeji/frontend/cocos/menghuanfarm/assets/code/adaptiveCanvas.ts.
debug: Resolve cc from file:///E:/lianlukeji/frontend/cocos/menghuanfarm/assets/code/adaptiveCanvas.ts as cce:/internal/x/cc.
debug: Resolve cc from file:///E:/lianlukeji/frontend/cocos/menghuanfarm/assets/code/adaptiveCanvas.ts as cce:/internal/x/cc.
debug: Resolve cc from file:///E:/lianlukeji/frontend/cocos/menghuanfarm/assets/code/adaptiveCanvas.ts as cce:/internal/x/cc.
debug: Resolve file:///E:/lianlukeji/frontend/cocos/menghuanfarm/assets/code/audioManager.ts from cce:/internal/x/prerequisite-imports as file:///E:/lianlukeji/frontend/cocos/menghuanfarm/assets/code/audioManager.ts.
debug: Resolve cc from file:///E:/lianlukeji/frontend/cocos/menghuanfarm/assets/code/audioManager.ts as cce:/internal/x/cc.
debug: Resolve cc from file:///E:/lianlukeji/frontend/cocos/menghuanfarm/assets/code/audioManager.ts as cce:/internal/x/cc.
debug: Resolve cc from file:///E:/lianlukeji/frontend/cocos/menghuanfarm/assets/code/audioManager.ts as cce:/internal/x/cc.
debug: Resolve file:///E:/lianlukeji/frontend/cocos/menghuanfarm/assets/code/autoScaleImage.ts from cce:/internal/x/prerequisite-imports as file:///E:/lianlukeji/frontend/cocos/menghuanfarm/assets/code/autoScaleImage.ts.
debug: Resolve cc from file:///E:/lianlukeji/frontend/cocos/menghuanfarm/assets/code/autoScaleImage.ts as cce:/internal/x/cc.
debug: Resolve cc from file:///E:/lianlukeji/frontend/cocos/menghuanfarm/assets/code/autoScaleImage.ts as cce:/internal/x/cc.
debug: Resolve cc from file:///E:/lianlukeji/frontend/cocos/menghuanfarm/assets/code/autoScaleImage.ts as cce:/internal/x/cc.
debug: Resolve file:///E:/lianlukeji/frontend/cocos/menghuanfarm/assets/code/buySeed.ts from cce:/internal/x/prerequisite-imports as file:///E:/lianlukeji/frontend/cocos/menghuanfarm/assets/code/buySeed.ts.
debug: Resolve cce:/internal/code-quality/cr.mjs from file:///E:/lianlukeji/frontend/cocos/menghuanfarm/assets/code/buySeed.ts as cce:/internal/code-quality/cr.mjs.
debug: Detected change: cce:/internal/code-quality/cr.mjs. Last mtime: Mon Nov 25 2024 14:54:13 GMT+0800 (中国标准时间), Current mtime: Mon Nov 25 2024 14:57:24 GMT+0800 (中国标准时间)
debug: Inspect cce:/internal/code-quality/cr.mjs
debug: Resolve cc from file:///E:/lianlukeji/frontend/cocos/menghuanfarm/assets/code/buySeed.ts as cce:/internal/x/cc.
debug: Resolve cc from file:///E:/lianlukeji/frontend/cocos/menghuanfarm/assets/code/buySeed.ts as cce:/internal/x/cc.
debug: Resolve cc from file:///E:/lianlukeji/frontend/cocos/menghuanfarm/assets/code/buySeed.ts as cce:/internal/x/cc.
debug: Resolve ./http from file:///E:/lianlukeji/frontend/cocos/menghuanfarm/assets/code/buySeed.ts as file:///E:/lianlukeji/frontend/cocos/menghuanfarm/assets/code/http.ts.
debug: Resolve cce:/internal/code-quality/cr.mjs from file:///E:/lianlukeji/frontend/cocos/menghuanfarm/assets/code/http.ts as cce:/internal/code-quality/cr.mjs.
debug: Resolve cc from file:///E:/lianlukeji/frontend/cocos/menghuanfarm/assets/code/http.ts as cce:/internal/x/cc.
debug: Resolve ./loadData from file:///E:/lianlukeji/frontend/cocos/menghuanfarm/assets/code/http.ts as file:///E:/lianlukeji/frontend/cocos/menghuanfarm/assets/code/loadData.ts.
debug: Resolve cc from file:///E:/lianlukeji/frontend/cocos/menghuanfarm/assets/code/loadData.ts as cce:/internal/x/cc.
debug: Resolve ./dialog from file:///E:/lianlukeji/frontend/cocos/menghuanfarm/assets/code/buySeed.ts as file:///E:/lianlukeji/frontend/cocos/menghuanfarm/assets/code/dialog.ts.
debug: Resolve cce:/internal/code-quality/cr.mjs from file:///E:/lianlukeji/frontend/cocos/menghuanfarm/assets/code/dialog.ts as cce:/internal/code-quality/cr.mjs.
debug: Resolve cc from file:///E:/lianlukeji/frontend/cocos/menghuanfarm/assets/code/dialog.ts as cce:/internal/x/cc.
debug: Resolve cc from file:///E:/lianlukeji/frontend/cocos/menghuanfarm/assets/code/dialog.ts as cce:/internal/x/cc.
debug: Resolve cc from file:///E:/lianlukeji/frontend/cocos/menghuanfarm/assets/code/dialog.ts as cce:/internal/x/cc.
debug: Resolve ./genBag from file:///E:/lianlukeji/frontend/cocos/menghuanfarm/assets/code/dialog.ts as file:///E:/lianlukeji/frontend/cocos/menghuanfarm/assets/code/genBag.ts.
debug: Resolve cce:/internal/code-quality/cr.mjs from file:///E:/lianlukeji/frontend/cocos/menghuanfarm/assets/code/genBag.ts as cce:/internal/code-quality/cr.mjs.
debug: Resolve cc from file:///E:/lianlukeji/frontend/cocos/menghuanfarm/assets/code/genBag.ts as cce:/internal/x/cc.
debug: Resolve cc from file:///E:/lianlukeji/frontend/cocos/menghuanfarm/assets/code/genBag.ts as cce:/internal/x/cc.
debug: Resolve cc from file:///E:/lianlukeji/frontend/cocos/menghuanfarm/assets/code/genBag.ts as cce:/internal/x/cc.
debug: Resolve ./http from file:///E:/lianlukeji/frontend/cocos/menghuanfarm/assets/code/genBag.ts as file:///E:/lianlukeji/frontend/cocos/menghuanfarm/assets/code/http.ts.
debug: Resolve ./utils from file:///E:/lianlukeji/frontend/cocos/menghuanfarm/assets/code/genBag.ts as file:///E:/lianlukeji/frontend/cocos/menghuanfarm/assets/code/utils.ts.
debug: Resolve cc from file:///E:/lianlukeji/frontend/cocos/menghuanfarm/assets/code/utils.ts as cce:/internal/x/cc.
debug: Resolve ./dialog from file:///E:/lianlukeji/frontend/cocos/menghuanfarm/assets/code/genBag.ts as file:///E:/lianlukeji/frontend/cocos/menghuanfarm/assets/code/dialog.ts.
debug: Resolve ./seedEffect from file:///E:/lianlukeji/frontend/cocos/menghuanfarm/assets/code/genBag.ts as file:///E:/lianlukeji/frontend/cocos/menghuanfarm/assets/code/seedEffect.ts.
debug: Resolve cce:/internal/code-quality/cr.mjs from file:///E:/lianlukeji/frontend/cocos/menghuanfarm/assets/code/seedEffect.ts as cce:/internal/code-quality/cr.mjs.
debug: Resolve cc from file:///E:/lianlukeji/frontend/cocos/menghuanfarm/assets/code/seedEffect.ts as cce:/internal/x/cc.
debug: Resolve cc from file:///E:/lianlukeji/frontend/cocos/menghuanfarm/assets/code/seedEffect.ts as cce:/internal/x/cc.
debug: Resolve cc from file:///E:/lianlukeji/frontend/cocos/menghuanfarm/assets/code/seedEffect.ts as cce:/internal/x/cc.
debug: Resolve ./dialog from file:///E:/lianlukeji/frontend/cocos/menghuanfarm/assets/code/seedEffect.ts as file:///E:/lianlukeji/frontend/cocos/menghuanfarm/assets/code/dialog.ts.
debug: Resolve ./genBag from file:///E:/lianlukeji/frontend/cocos/menghuanfarm/assets/code/seedEffect.ts as file:///E:/lianlukeji/frontend/cocos/menghuanfarm/assets/code/genBag.ts.
debug: Resolve ./genBlock from file:///E:/lianlukeji/frontend/cocos/menghuanfarm/assets/code/genBag.ts as file:///E:/lianlukeji/frontend/cocos/menghuanfarm/assets/code/genBlock.ts.
debug: Resolve cce:/internal/code-quality/cr.mjs from file:///E:/lianlukeji/frontend/cocos/menghuanfarm/assets/code/genBlock.ts as cce:/internal/code-quality/cr.mjs.
debug: Resolve cc from file:///E:/lianlukeji/frontend/cocos/menghuanfarm/assets/code/genBlock.ts as cce:/internal/x/cc.
debug: Resolve cc from file:///E:/lianlukeji/frontend/cocos/menghuanfarm/assets/code/genBlock.ts as cce:/internal/x/cc.
debug: Resolve cc from file:///E:/lianlukeji/frontend/cocos/menghuanfarm/assets/code/genBlock.ts as cce:/internal/x/cc.
debug: Resolve ./http from file:///E:/lianlukeji/frontend/cocos/menghuanfarm/assets/code/genBlock.ts as file:///E:/lianlukeji/frontend/cocos/menghuanfarm/assets/code/http.ts.
debug: Resolve ./genPlant from file:///E:/lianlukeji/frontend/cocos/menghuanfarm/assets/code/genBlock.ts as file:///E:/lianlukeji/frontend/cocos/menghuanfarm/assets/code/genPlant.ts.
debug: Resolve cce:/internal/code-quality/cr.mjs from file:///E:/lianlukeji/frontend/cocos/menghuanfarm/assets/code/genPlant.ts as cce:/internal/code-quality/cr.mjs.
debug: Resolve cc from file:///E:/lianlukeji/frontend/cocos/menghuanfarm/assets/code/genPlant.ts as cce:/internal/x/cc.
debug: Resolve cc from file:///E:/lianlukeji/frontend/cocos/menghuanfarm/assets/code/genPlant.ts as cce:/internal/x/cc.
debug: Resolve cc from file:///E:/lianlukeji/frontend/cocos/menghuanfarm/assets/code/genPlant.ts as cce:/internal/x/cc.
debug: Resolve ./utils from file:///E:/lianlukeji/frontend/cocos/menghuanfarm/assets/code/genPlant.ts as file:///E:/lianlukeji/frontend/cocos/menghuanfarm/assets/code/utils.ts.
debug: Resolve ./genBlock from file:///E:/lianlukeji/frontend/cocos/menghuanfarm/assets/code/genPlant.ts as file:///E:/lianlukeji/frontend/cocos/menghuanfarm/assets/code/genBlock.ts.
debug: Resolve ./hoverEffect from file:///E:/lianlukeji/frontend/cocos/menghuanfarm/assets/code/genPlant.ts as file:///E:/lianlukeji/frontend/cocos/menghuanfarm/assets/code/hoverEffect.ts.
debug: Resolve cce:/internal/code-quality/cr.mjs from file:///E:/lianlukeji/frontend/cocos/menghuanfarm/assets/code/hoverEffect.ts as cce:/internal/code-quality/cr.mjs.
debug: Resolve cc from file:///E:/lianlukeji/frontend/cocos/menghuanfarm/assets/code/hoverEffect.ts as cce:/internal/x/cc.
debug: Resolve cc from file:///E:/lianlukeji/frontend/cocos/menghuanfarm/assets/code/hoverEffect.ts as cce:/internal/x/cc.
debug: Resolve cc from file:///E:/lianlukeji/frontend/cocos/menghuanfarm/assets/code/hoverEffect.ts as cce:/internal/x/cc.
debug: Resolve ./dialog from file:///E:/lianlukeji/frontend/cocos/menghuanfarm/assets/code/hoverEffect.ts as file:///E:/lianlukeji/frontend/cocos/menghuanfarm/assets/code/dialog.ts.
debug: Resolve ./genBlock from file:///E:/lianlukeji/frontend/cocos/menghuanfarm/assets/code/hoverEffect.ts as file:///E:/lianlukeji/frontend/cocos/menghuanfarm/assets/code/genBlock.ts.
debug: Resolve ./dialog from file:///E:/lianlukeji/frontend/cocos/menghuanfarm/assets/code/genBlock.ts as file:///E:/lianlukeji/frontend/cocos/menghuanfarm/assets/code/dialog.ts.
debug: Resolve ./genShop from file:///E:/lianlukeji/frontend/cocos/menghuanfarm/assets/code/dialog.ts as file:///E:/lianlukeji/frontend/cocos/menghuanfarm/assets/code/genShop.ts.
debug: Resolve cce:/internal/code-quality/cr.mjs from file:///E:/lianlukeji/frontend/cocos/menghuanfarm/assets/code/genShop.ts as cce:/internal/code-quality/cr.mjs.
debug: Resolve cc from file:///E:/lianlukeji/frontend/cocos/menghuanfarm/assets/code/genShop.ts as cce:/internal/x/cc.
debug: Resolve cc from file:///E:/lianlukeji/frontend/cocos/menghuanfarm/assets/code/genShop.ts as cce:/internal/x/cc.
debug: Resolve cc from file:///E:/lianlukeji/frontend/cocos/menghuanfarm/assets/code/genShop.ts as cce:/internal/x/cc.
debug: Resolve ./http from file:///E:/lianlukeji/frontend/cocos/menghuanfarm/assets/code/genShop.ts as file:///E:/lianlukeji/frontend/cocos/menghuanfarm/assets/code/http.ts.
debug: Resolve ./buySeedEffect from file:///E:/lianlukeji/frontend/cocos/menghuanfarm/assets/code/genShop.ts as file:///E:/lianlukeji/frontend/cocos/menghuanfarm/assets/code/buySeedEffect.ts.
debug: Resolve cce:/internal/code-quality/cr.mjs from file:///E:/lianlukeji/frontend/cocos/menghuanfarm/assets/code/buySeedEffect.ts as cce:/internal/code-quality/cr.mjs.
debug: Resolve cc from file:///E:/lianlukeji/frontend/cocos/menghuanfarm/assets/code/buySeedEffect.ts as cce:/internal/x/cc.
debug: Resolve cc from file:///E:/lianlukeji/frontend/cocos/menghuanfarm/assets/code/buySeedEffect.ts as cce:/internal/x/cc.
debug: Resolve cc from file:///E:/lianlukeji/frontend/cocos/menghuanfarm/assets/code/buySeedEffect.ts as cce:/internal/x/cc.
debug: Resolve ./dialog from file:///E:/lianlukeji/frontend/cocos/menghuanfarm/assets/code/buySeedEffect.ts as file:///E:/lianlukeji/frontend/cocos/menghuanfarm/assets/code/dialog.ts.
debug: Resolve ./buySeed from file:///E:/lianlukeji/frontend/cocos/menghuanfarm/assets/code/buySeedEffect.ts as file:///E:/lianlukeji/frontend/cocos/menghuanfarm/assets/code/buySeed.ts.
debug: Resolve ./utils from file:///E:/lianlukeji/frontend/cocos/menghuanfarm/assets/code/genShop.ts as file:///E:/lianlukeji/frontend/cocos/menghuanfarm/assets/code/utils.ts.
debug: Resolve file:///E:/lianlukeji/frontend/cocos/menghuanfarm/assets/code/buySeedEffect.ts from cce:/internal/x/prerequisite-imports as file:///E:/lianlukeji/frontend/cocos/menghuanfarm/assets/code/buySeedEffect.ts.
debug: Resolve file:///E:/lianlukeji/frontend/cocos/menghuanfarm/assets/code/circles.ts from cce:/internal/x/prerequisite-imports as file:///E:/lianlukeji/frontend/cocos/menghuanfarm/assets/code/circles.ts.
debug: Resolve cce:/internal/code-quality/cr.mjs from file:///E:/lianlukeji/frontend/cocos/menghuanfarm/assets/code/circles.ts as cce:/internal/code-quality/cr.mjs.
debug: Resolve cc from file:///E:/lianlukeji/frontend/cocos/menghuanfarm/assets/code/circles.ts as cce:/internal/x/cc.
debug: Resolve cc from file:///E:/lianlukeji/frontend/cocos/menghuanfarm/assets/code/circles.ts as cce:/internal/x/cc.
debug: Resolve cc from file:///E:/lianlukeji/frontend/cocos/menghuanfarm/assets/code/circles.ts as cce:/internal/x/cc.
debug: Resolve ./http from file:///E:/lianlukeji/frontend/cocos/menghuanfarm/assets/code/circles.ts as file:///E:/lianlukeji/frontend/cocos/menghuanfarm/assets/code/http.ts.
debug: Resolve ./loadData from file:///E:/lianlukeji/frontend/cocos/menghuanfarm/assets/code/circles.ts as file:///E:/lianlukeji/frontend/cocos/menghuanfarm/assets/code/loadData.ts.
debug: Resolve ./globalData from file:///E:/lianlukeji/frontend/cocos/menghuanfarm/assets/code/circles.ts as file:///E:/lianlukeji/frontend/cocos/menghuanfarm/assets/code/globalData.ts.
debug: Resolve cce:/internal/code-quality/cr.mjs from file:///E:/lianlukeji/frontend/cocos/menghuanfarm/assets/code/globalData.ts as cce:/internal/code-quality/cr.mjs.
debug: Resolve cc from file:///E:/lianlukeji/frontend/cocos/menghuanfarm/assets/code/globalData.ts as cce:/internal/x/cc.
debug: Resolve cc from file:///E:/lianlukeji/frontend/cocos/menghuanfarm/assets/code/globalData.ts as cce:/internal/x/cc.
debug: Resolve cc from file:///E:/lianlukeji/frontend/cocos/menghuanfarm/assets/code/globalData.ts as cce:/internal/x/cc.
debug: Resolve file:///E:/lianlukeji/frontend/cocos/menghuanfarm/assets/code/dashedRectangle.ts from cce:/internal/x/prerequisite-imports as file:///E:/lianlukeji/frontend/cocos/menghuanfarm/assets/code/dashedRectangle.ts.
debug: Resolve cc from file:///E:/lianlukeji/frontend/cocos/menghuanfarm/assets/code/dashedRectangle.ts as cce:/internal/x/cc.
debug: Resolve cc from file:///E:/lianlukeji/frontend/cocos/menghuanfarm/assets/code/dashedRectangle.ts as cce:/internal/x/cc.
debug: Resolve cc from file:///E:/lianlukeji/frontend/cocos/menghuanfarm/assets/code/dashedRectangle.ts as cce:/internal/x/cc.
debug: Resolve file:///E:/lianlukeji/frontend/cocos/menghuanfarm/assets/code/dialog.ts from cce:/internal/x/prerequisite-imports as file:///E:/lianlukeji/frontend/cocos/menghuanfarm/assets/code/dialog.ts.
debug: Resolve file:///E:/lianlukeji/frontend/cocos/menghuanfarm/assets/code/drawRoundedRect.ts from cce:/internal/x/prerequisite-imports as file:///E:/lianlukeji/frontend/cocos/menghuanfarm/assets/code/drawRoundedRect.ts.
debug: Resolve cc from file:///E:/lianlukeji/frontend/cocos/menghuanfarm/assets/code/drawRoundedRect.ts as cce:/internal/x/cc.
debug: Resolve cc from file:///E:/lianlukeji/frontend/cocos/menghuanfarm/assets/code/drawRoundedRect.ts as cce:/internal/x/cc.
debug: Resolve cc from file:///E:/lianlukeji/frontend/cocos/menghuanfarm/assets/code/drawRoundedRect.ts as cce:/internal/x/cc.
debug: Resolve file:///E:/lianlukeji/frontend/cocos/menghuanfarm/assets/code/drawer.ts from cce:/internal/x/prerequisite-imports as file:///E:/lianlukeji/frontend/cocos/menghuanfarm/assets/code/drawer.ts.
debug: Resolve cc from file:///E:/lianlukeji/frontend/cocos/menghuanfarm/assets/code/drawer.ts as cce:/internal/x/cc.
debug: Resolve cc from file:///E:/lianlukeji/frontend/cocos/menghuanfarm/assets/code/drawer.ts as cce:/internal/x/cc.
debug: Resolve cc from file:///E:/lianlukeji/frontend/cocos/menghuanfarm/assets/code/drawer.ts as cce:/internal/x/cc.
debug: Resolve file:///E:/lianlukeji/frontend/cocos/menghuanfarm/assets/code/genBag.ts from cce:/internal/x/prerequisite-imports as file:///E:/lianlukeji/frontend/cocos/menghuanfarm/assets/code/genBag.ts.
debug: Resolve file:///E:/lianlukeji/frontend/cocos/menghuanfarm/assets/code/genBlock.ts from cce:/internal/x/prerequisite-imports as file:///E:/lianlukeji/frontend/cocos/menghuanfarm/assets/code/genBlock.ts.
debug: Resolve file:///E:/lianlukeji/frontend/cocos/menghuanfarm/assets/code/genInfo.ts from cce:/internal/x/prerequisite-imports as file:///E:/lianlukeji/frontend/cocos/menghuanfarm/assets/code/genInfo.ts.
debug: Resolve cce:/internal/code-quality/cr.mjs from file:///E:/lianlukeji/frontend/cocos/menghuanfarm/assets/code/genInfo.ts as cce:/internal/code-quality/cr.mjs.
debug: Resolve cc from file:///E:/lianlukeji/frontend/cocos/menghuanfarm/assets/code/genInfo.ts as cce:/internal/x/cc.
debug: Resolve cc from file:///E:/lianlukeji/frontend/cocos/menghuanfarm/assets/code/genInfo.ts as cce:/internal/x/cc.
debug: Resolve cc from file:///E:/lianlukeji/frontend/cocos/menghuanfarm/assets/code/genInfo.ts as cce:/internal/x/cc.
debug: Resolve ./http from file:///E:/lianlukeji/frontend/cocos/menghuanfarm/assets/code/genInfo.ts as file:///E:/lianlukeji/frontend/cocos/menghuanfarm/assets/code/http.ts.
debug: Resolve ./globalData from file:///E:/lianlukeji/frontend/cocos/menghuanfarm/assets/code/genInfo.ts as file:///E:/lianlukeji/frontend/cocos/menghuanfarm/assets/code/globalData.ts.
debug: Resolve file:///E:/lianlukeji/frontend/cocos/menghuanfarm/assets/code/genPlant.ts from cce:/internal/x/prerequisite-imports as file:///E:/lianlukeji/frontend/cocos/menghuanfarm/assets/code/genPlant.ts.
debug: Resolve file:///E:/lianlukeji/frontend/cocos/menghuanfarm/assets/code/genShop.ts from cce:/internal/x/prerequisite-imports as file:///E:/lianlukeji/frontend/cocos/menghuanfarm/assets/code/genShop.ts.
debug: Resolve file:///E:/lianlukeji/frontend/cocos/menghuanfarm/assets/code/globalData.ts from cce:/internal/x/prerequisite-imports as file:///E:/lianlukeji/frontend/cocos/menghuanfarm/assets/code/globalData.ts.
debug: Resolve file:///E:/lianlukeji/frontend/cocos/menghuanfarm/assets/code/harvest.ts from cce:/internal/x/prerequisite-imports as file:///E:/lianlukeji/frontend/cocos/menghuanfarm/assets/code/harvest.ts.
debug: Resolve cce:/internal/code-quality/cr.mjs from file:///E:/lianlukeji/frontend/cocos/menghuanfarm/assets/code/harvest.ts as cce:/internal/code-quality/cr.mjs.
debug: Resolve cc from file:///E:/lianlukeji/frontend/cocos/menghuanfarm/assets/code/harvest.ts as cce:/internal/x/cc.
debug: Resolve cc from file:///E:/lianlukeji/frontend/cocos/menghuanfarm/assets/code/harvest.ts as cce:/internal/x/cc.
debug: Resolve cc from file:///E:/lianlukeji/frontend/cocos/menghuanfarm/assets/code/harvest.ts as cce:/internal/x/cc.
debug: Resolve ./loadData from file:///E:/lianlukeji/frontend/cocos/menghuanfarm/assets/code/harvest.ts as file:///E:/lianlukeji/frontend/cocos/menghuanfarm/assets/code/loadData.ts.
debug: Resolve ./http from file:///E:/lianlukeji/frontend/cocos/menghuanfarm/assets/code/harvest.ts as file:///E:/lianlukeji/frontend/cocos/menghuanfarm/assets/code/http.ts.
debug: Resolve ./dialog from file:///E:/lianlukeji/frontend/cocos/menghuanfarm/assets/code/harvest.ts as file:///E:/lianlukeji/frontend/cocos/menghuanfarm/assets/code/dialog.ts.
debug: Resolve file:///E:/lianlukeji/frontend/cocos/menghuanfarm/assets/code/hoverEffect.ts from cce:/internal/x/prerequisite-imports as file:///E:/lianlukeji/frontend/cocos/menghuanfarm/assets/code/hoverEffect.ts.
debug: Resolve file:///E:/lianlukeji/frontend/cocos/menghuanfarm/assets/code/http.ts from cce:/internal/x/prerequisite-imports as file:///E:/lianlukeji/frontend/cocos/menghuanfarm/assets/code/http.ts.
debug: Resolve file:///E:/lianlukeji/frontend/cocos/menghuanfarm/assets/code/interface.ts from cce:/internal/x/prerequisite-imports as file:///E:/lianlukeji/frontend/cocos/menghuanfarm/assets/code/interface.ts.
debug: Resolve cc from file:///E:/lianlukeji/frontend/cocos/menghuanfarm/assets/code/interface.ts as cce:/internal/x/cc.
debug: Resolve file:///E:/lianlukeji/frontend/cocos/menghuanfarm/assets/code/loadData.ts from cce:/internal/x/prerequisite-imports as file:///E:/lianlukeji/frontend/cocos/menghuanfarm/assets/code/loadData.ts.
debug: Resolve file:///E:/lianlukeji/frontend/cocos/menghuanfarm/assets/code/login.ts from cce:/internal/x/prerequisite-imports as file:///E:/lianlukeji/frontend/cocos/menghuanfarm/assets/code/login.ts.
debug: Resolve cc from file:///E:/lianlukeji/frontend/cocos/menghuanfarm/assets/code/login.ts as cce:/internal/x/cc.
debug: Resolve cc from file:///E:/lianlukeji/frontend/cocos/menghuanfarm/assets/code/login.ts as cce:/internal/x/cc.
debug: Resolve cc from file:///E:/lianlukeji/frontend/cocos/menghuanfarm/assets/code/login.ts as cce:/internal/x/cc.
debug: Resolve file:///E:/lianlukeji/frontend/cocos/menghuanfarm/assets/code/main.ts from cce:/internal/x/prerequisite-imports as file:///E:/lianlukeji/frontend/cocos/menghuanfarm/assets/code/main.ts.
debug: Resolve cce:/internal/code-quality/cr.mjs from file:///E:/lianlukeji/frontend/cocos/menghuanfarm/assets/code/main.ts as cce:/internal/code-quality/cr.mjs.
debug: Resolve cc from file:///E:/lianlukeji/frontend/cocos/menghuanfarm/assets/code/main.ts as cce:/internal/x/cc.
debug: Resolve cc from file:///E:/lianlukeji/frontend/cocos/menghuanfarm/assets/code/main.ts as cce:/internal/x/cc.
debug: Resolve cc from file:///E:/lianlukeji/frontend/cocos/menghuanfarm/assets/code/main.ts as cce:/internal/x/cc.
debug: Resolve ./login from file:///E:/lianlukeji/frontend/cocos/menghuanfarm/assets/code/main.ts as file:///E:/lianlukeji/frontend/cocos/menghuanfarm/assets/code/login.ts.
debug: Resolve ./genBlock from file:///E:/lianlukeji/frontend/cocos/menghuanfarm/assets/code/main.ts as file:///E:/lianlukeji/frontend/cocos/menghuanfarm/assets/code/genBlock.ts.
debug: Resolve file:///E:/lianlukeji/frontend/cocos/menghuanfarm/assets/code/overlayMask.ts from cce:/internal/x/prerequisite-imports as file:///E:/lianlukeji/frontend/cocos/menghuanfarm/assets/code/overlayMask.ts.
debug: Resolve cc from file:///E:/lianlukeji/frontend/cocos/menghuanfarm/assets/code/overlayMask.ts as cce:/internal/x/cc.
debug: Resolve cc from file:///E:/lianlukeji/frontend/cocos/menghuanfarm/assets/code/overlayMask.ts as cce:/internal/x/cc.
debug: Resolve cc from file:///E:/lianlukeji/frontend/cocos/menghuanfarm/assets/code/overlayMask.ts as cce:/internal/x/cc.
debug: Resolve file:///E:/lianlukeji/frontend/cocos/menghuanfarm/assets/code/popupStop.ts from cce:/internal/x/prerequisite-imports as file:///E:/lianlukeji/frontend/cocos/menghuanfarm/assets/code/popupStop.ts.
debug: Resolve cc from file:///E:/lianlukeji/frontend/cocos/menghuanfarm/assets/code/popupStop.ts as cce:/internal/x/cc.
debug: Resolve cc from file:///E:/lianlukeji/frontend/cocos/menghuanfarm/assets/code/popupStop.ts as cce:/internal/x/cc.
debug: Resolve cc from file:///E:/lianlukeji/frontend/cocos/menghuanfarm/assets/code/popupStop.ts as cce:/internal/x/cc.
debug: Resolve file:///E:/lianlukeji/frontend/cocos/menghuanfarm/assets/code/scaleAction.ts from cce:/internal/x/prerequisite-imports as file:///E:/lianlukeji/frontend/cocos/menghuanfarm/assets/code/scaleAction.ts.
debug: Resolve cc from file:///E:/lianlukeji/frontend/cocos/menghuanfarm/assets/code/scaleAction.ts as cce:/internal/x/cc.
debug: Resolve cc from file:///E:/lianlukeji/frontend/cocos/menghuanfarm/assets/code/scaleAction.ts as cce:/internal/x/cc.
debug: Resolve cc from file:///E:/lianlukeji/frontend/cocos/menghuanfarm/assets/code/scaleAction.ts as cce:/internal/x/cc.
debug: Resolve file:///E:/lianlukeji/frontend/cocos/menghuanfarm/assets/code/sceneSwitcher.ts from cce:/internal/x/prerequisite-imports as file:///E:/lianlukeji/frontend/cocos/menghuanfarm/assets/code/sceneSwitcher.ts.
debug: Resolve cce:/internal/code-quality/cr.mjs from file:///E:/lianlukeji/frontend/cocos/menghuanfarm/assets/code/sceneSwitcher.ts as cce:/internal/code-quality/cr.mjs.
debug: Resolve cc from file:///E:/lianlukeji/frontend/cocos/menghuanfarm/assets/code/sceneSwitcher.ts as cce:/internal/x/cc.
debug: Resolve cc from file:///E:/lianlukeji/frontend/cocos/menghuanfarm/assets/code/sceneSwitcher.ts as cce:/internal/x/cc.
debug: Resolve cc from file:///E:/lianlukeji/frontend/cocos/menghuanfarm/assets/code/sceneSwitcher.ts as cce:/internal/x/cc.
debug: Resolve ./genBlock from file:///E:/lianlukeji/frontend/cocos/menghuanfarm/assets/code/sceneSwitcher.ts as file:///E:/lianlukeji/frontend/cocos/menghuanfarm/assets/code/genBlock.ts.
debug: Resolve file:///E:/lianlukeji/frontend/cocos/menghuanfarm/assets/code/seedEffect.ts from cce:/internal/x/prerequisite-imports as file:///E:/lianlukeji/frontend/cocos/menghuanfarm/assets/code/seedEffect.ts.
debug: Resolve file:///E:/lianlukeji/frontend/cocos/menghuanfarm/assets/code/showTelegramInfo.ts from cce:/internal/x/prerequisite-imports as file:///E:/lianlukeji/frontend/cocos/menghuanfarm/assets/code/showTelegramInfo.ts.
debug: Resolve cc from file:///E:/lianlukeji/frontend/cocos/menghuanfarm/assets/code/showTelegramInfo.ts as cce:/internal/x/cc.
debug: Resolve cc from file:///E:/lianlukeji/frontend/cocos/menghuanfarm/assets/code/showTelegramInfo.ts as cce:/internal/x/cc.
debug: Resolve cc from file:///E:/lianlukeji/frontend/cocos/menghuanfarm/assets/code/showTelegramInfo.ts as cce:/internal/x/cc.
debug: Resolve file:///E:/lianlukeji/frontend/cocos/menghuanfarm/assets/code/timer.ts from cce:/internal/x/prerequisite-imports as file:///E:/lianlukeji/frontend/cocos/menghuanfarm/assets/code/timer.ts.
debug: Resolve cce:/internal/code-quality/cr.mjs from file:///E:/lianlukeji/frontend/cocos/menghuanfarm/assets/code/timer.ts as cce:/internal/code-quality/cr.mjs.
debug: Resolve cc from file:///E:/lianlukeji/frontend/cocos/menghuanfarm/assets/code/timer.ts as cce:/internal/x/cc.
debug: Resolve cc from file:///E:/lianlukeji/frontend/cocos/menghuanfarm/assets/code/timer.ts as cce:/internal/x/cc.
debug: Resolve cc from file:///E:/lianlukeji/frontend/cocos/menghuanfarm/assets/code/timer.ts as cce:/internal/x/cc.
debug: Resolve ./loadData from file:///E:/lianlukeji/frontend/cocos/menghuanfarm/assets/code/timer.ts as file:///E:/lianlukeji/frontend/cocos/menghuanfarm/assets/code/loadData.ts.
debug: Resolve file:///E:/lianlukeji/frontend/cocos/menghuanfarm/assets/code/userAvatar.ts from cce:/internal/x/prerequisite-imports as file:///E:/lianlukeji/frontend/cocos/menghuanfarm/assets/code/userAvatar.ts.
debug: Resolve cce:/internal/code-quality/cr.mjs from file:///E:/lianlukeji/frontend/cocos/menghuanfarm/assets/code/userAvatar.ts as cce:/internal/code-quality/cr.mjs.
debug: Resolve cc from file:///E:/lianlukeji/frontend/cocos/menghuanfarm/assets/code/userAvatar.ts as cce:/internal/x/cc.
debug: Resolve cc from file:///E:/lianlukeji/frontend/cocos/menghuanfarm/assets/code/userAvatar.ts as cce:/internal/x/cc.
debug: Resolve cc from file:///E:/lianlukeji/frontend/cocos/menghuanfarm/assets/code/userAvatar.ts as cce:/internal/x/cc.
debug: Resolve @telegram-apps/sdk from file:///E:/lianlukeji/frontend/cocos/menghuanfarm/assets/code/userAvatar.ts as file:///E:/lianlukeji/frontend/cocos/menghuanfarm/node_modules/@telegram-apps/sdk/dist/index.js.
debug: Resolve file:///E:/lianlukeji/frontend/cocos/menghuanfarm/assets/code/utils.ts from cce:/internal/x/prerequisite-imports as file:///E:/lianlukeji/frontend/cocos/menghuanfarm/assets/code/utils.ts.
debug: Target(editor) ends with cost 227.00949996709824ms.
debug: Target(preview) build started.
debug: Detected change: cce:/internal/x/cc. Last mtime: Thu Jan 01 1970 08:00:09 GMT+0800 (中国标准时间), Current mtime: Thu Jan 01 1970 08:00:06 GMT+0800 (中国标准时间)
debug: Inspect cce:/internal/x/cc
debug: Resolve cce:/internal/x/cc-fu/2d from cce:/internal/x/cc as external dependency cce:/internal/x/cc-fu/2d.
debug: Resolve cce:/internal/x/cc-fu/animation from cce:/internal/x/cc as external dependency cce:/internal/x/cc-fu/animation.
debug: Resolve cce:/internal/x/cc-fu/audio from cce:/internal/x/cc as external dependency cce:/internal/x/cc-fu/audio.
debug: Resolve cce:/internal/x/cc-fu/base from cce:/internal/x/cc as external dependency cce:/internal/x/cc-fu/base.
debug: Resolve cce:/internal/x/cc-fu/dragon-bones from cce:/internal/x/cc as external dependency cce:/internal/x/cc-fu/dragon-bones.
debug: Resolve cce:/internal/x/cc-fu/gfx-webgl from cce:/internal/x/cc as external dependency cce:/internal/x/cc-fu/gfx-webgl.
debug: Resolve cce:/internal/x/cc-fu/gfx-webgl2 from cce:/internal/x/cc as external dependency cce:/internal/x/cc-fu/gfx-webgl2.
debug: Resolve cce:/internal/x/cc-fu/intersection-2d from cce:/internal/x/cc as external dependency cce:/internal/x/cc-fu/intersection-2d.
debug: Resolve cce:/internal/x/cc-fu/particle-2d from cce:/internal/x/cc as external dependency cce:/internal/x/cc-fu/particle-2d.
debug: Resolve cce:/internal/x/cc-fu/physics-2d-box2d from cce:/internal/x/cc as external dependency cce:/internal/x/cc-fu/physics-2d-box2d.
debug: Resolve cce:/internal/x/cc-fu/physics-2d-framework from cce:/internal/x/cc as external dependency cce:/internal/x/cc-fu/physics-2d-framework.
debug: Resolve cce:/internal/x/cc-fu/profiler from cce:/internal/x/cc as external dependency cce:/internal/x/cc-fu/profiler.
debug: Resolve cce:/internal/x/cc-fu/skeletal-animation from cce:/internal/x/cc as external dependency cce:/internal/x/cc-fu/skeletal-animation.
debug: Resolve cce:/internal/x/cc-fu/spine from cce:/internal/x/cc as external dependency cce:/internal/x/cc-fu/spine.
debug: Resolve cce:/internal/x/cc-fu/tiled-map from cce:/internal/x/cc as external dependency cce:/internal/x/cc-fu/tiled-map.
debug: Resolve cce:/internal/x/cc-fu/tween from cce:/internal/x/cc as external dependency cce:/internal/x/cc-fu/tween.
debug: Resolve cce:/internal/x/cc-fu/ui from cce:/internal/x/cc as external dependency cce:/internal/x/cc-fu/ui.
debug: Resolve cce:/internal/x/cc-fu/video from cce:/internal/x/cc as external dependency cce:/internal/x/cc-fu/video.
debug: Resolve cce:/internal/x/cc-fu/webview from cce:/internal/x/cc as external dependency cce:/internal/x/cc-fu/webview.
debug: Resolve cce:/internal/x/cc-fu/xr from cce:/internal/x/cc as external dependency cce:/internal/x/cc-fu/xr.
debug: Detected change: cce:/internal/x/prerequisite-imports. Last mtime: Thu Jan 01 1970 08:02:41 GMT+0800 (中国标准时间), Current mtime: Thu Jan 01 1970 08:00:06 GMT+0800 (中国标准时间)
debug: Inspect cce:/internal/x/prerequisite-imports
debug: Resolve file:///E:/lianlukeji/frontend/cocos/menghuanfarm/assets/code/adaptiveCanvas.ts from cce:/internal/x/prerequisite-imports as file:///E:/lianlukeji/frontend/cocos/menghuanfarm/assets/code/adaptiveCanvas.ts.
debug: Resolve cc from file:///E:/lianlukeji/frontend/cocos/menghuanfarm/assets/code/adaptiveCanvas.ts as cce:/internal/x/cc.
debug: Resolve cc from file:///E:/lianlukeji/frontend/cocos/menghuanfarm/assets/code/adaptiveCanvas.ts as cce:/internal/x/cc.
debug: Resolve cc from file:///E:/lianlukeji/frontend/cocos/menghuanfarm/assets/code/adaptiveCanvas.ts as cce:/internal/x/cc.
debug: Resolve file:///E:/lianlukeji/frontend/cocos/menghuanfarm/assets/code/audioManager.ts from cce:/internal/x/prerequisite-imports as file:///E:/lianlukeji/frontend/cocos/menghuanfarm/assets/code/audioManager.ts.
debug: Resolve cc from file:///E:/lianlukeji/frontend/cocos/menghuanfarm/assets/code/audioManager.ts as cce:/internal/x/cc.
debug: Resolve cc from file:///E:/lianlukeji/frontend/cocos/menghuanfarm/assets/code/audioManager.ts as cce:/internal/x/cc.
debug: Resolve cc from file:///E:/lianlukeji/frontend/cocos/menghuanfarm/assets/code/audioManager.ts as cce:/internal/x/cc.
debug: Resolve file:///E:/lianlukeji/frontend/cocos/menghuanfarm/assets/code/autoScaleImage.ts from cce:/internal/x/prerequisite-imports as file:///E:/lianlukeji/frontend/cocos/menghuanfarm/assets/code/autoScaleImage.ts.
debug: Resolve cc from file:///E:/lianlukeji/frontend/cocos/menghuanfarm/assets/code/autoScaleImage.ts as cce:/internal/x/cc.
debug: Resolve cc from file:///E:/lianlukeji/frontend/cocos/menghuanfarm/assets/code/autoScaleImage.ts as cce:/internal/x/cc.
debug: Resolve cc from file:///E:/lianlukeji/frontend/cocos/menghuanfarm/assets/code/autoScaleImage.ts as cce:/internal/x/cc.
debug: Resolve file:///E:/lianlukeji/frontend/cocos/menghuanfarm/assets/code/buySeed.ts from cce:/internal/x/prerequisite-imports as file:///E:/lianlukeji/frontend/cocos/menghuanfarm/assets/code/buySeed.ts.
debug: Resolve cce:/internal/code-quality/cr.mjs from file:///E:/lianlukeji/frontend/cocos/menghuanfarm/assets/code/buySeed.ts as cce:/internal/code-quality/cr.mjs.
debug: Detected change: cce:/internal/code-quality/cr.mjs. Last mtime: Mon Nov 25 2024 14:54:13 GMT+0800 (中国标准时间), Current mtime: Mon Nov 25 2024 14:57:24 GMT+0800 (中国标准时间)
debug: Inspect cce:/internal/code-quality/cr.mjs
debug: Resolve cc from file:///E:/lianlukeji/frontend/cocos/menghuanfarm/assets/code/buySeed.ts as cce:/internal/x/cc.
debug: Resolve cc from file:///E:/lianlukeji/frontend/cocos/menghuanfarm/assets/code/buySeed.ts as cce:/internal/x/cc.
debug: Resolve cc from file:///E:/lianlukeji/frontend/cocos/menghuanfarm/assets/code/buySeed.ts as cce:/internal/x/cc.
debug: Resolve ./http from file:///E:/lianlukeji/frontend/cocos/menghuanfarm/assets/code/buySeed.ts as file:///E:/lianlukeji/frontend/cocos/menghuanfarm/assets/code/http.ts.
debug: Resolve cce:/internal/code-quality/cr.mjs from file:///E:/lianlukeji/frontend/cocos/menghuanfarm/assets/code/http.ts as cce:/internal/code-quality/cr.mjs.
debug: Resolve cc from file:///E:/lianlukeji/frontend/cocos/menghuanfarm/assets/code/http.ts as cce:/internal/x/cc.
debug: Resolve ./loadData from file:///E:/lianlukeji/frontend/cocos/menghuanfarm/assets/code/http.ts as file:///E:/lianlukeji/frontend/cocos/menghuanfarm/assets/code/loadData.ts.
debug: Resolve cc from file:///E:/lianlukeji/frontend/cocos/menghuanfarm/assets/code/loadData.ts as cce:/internal/x/cc.
debug: Resolve ./dialog from file:///E:/lianlukeji/frontend/cocos/menghuanfarm/assets/code/buySeed.ts as file:///E:/lianlukeji/frontend/cocos/menghuanfarm/assets/code/dialog.ts.
debug: Resolve cce:/internal/code-quality/cr.mjs from file:///E:/lianlukeji/frontend/cocos/menghuanfarm/assets/code/dialog.ts as cce:/internal/code-quality/cr.mjs.
debug: Resolve cc from file:///E:/lianlukeji/frontend/cocos/menghuanfarm/assets/code/dialog.ts as cce:/internal/x/cc.
debug: Resolve cc from file:///E:/lianlukeji/frontend/cocos/menghuanfarm/assets/code/dialog.ts as cce:/internal/x/cc.
debug: Resolve cc from file:///E:/lianlukeji/frontend/cocos/menghuanfarm/assets/code/dialog.ts as cce:/internal/x/cc.
debug: Resolve ./genBag from file:///E:/lianlukeji/frontend/cocos/menghuanfarm/assets/code/dialog.ts as file:///E:/lianlukeji/frontend/cocos/menghuanfarm/assets/code/genBag.ts.
debug: Resolve cce:/internal/code-quality/cr.mjs from file:///E:/lianlukeji/frontend/cocos/menghuanfarm/assets/code/genBag.ts as cce:/internal/code-quality/cr.mjs.
debug: Resolve cc from file:///E:/lianlukeji/frontend/cocos/menghuanfarm/assets/code/genBag.ts as cce:/internal/x/cc.
debug: Resolve cc from file:///E:/lianlukeji/frontend/cocos/menghuanfarm/assets/code/genBag.ts as cce:/internal/x/cc.
debug: Resolve cc from file:///E:/lianlukeji/frontend/cocos/menghuanfarm/assets/code/genBag.ts as cce:/internal/x/cc.
debug: Resolve ./http from file:///E:/lianlukeji/frontend/cocos/menghuanfarm/assets/code/genBag.ts as file:///E:/lianlukeji/frontend/cocos/menghuanfarm/assets/code/http.ts.
debug: Resolve ./utils from file:///E:/lianlukeji/frontend/cocos/menghuanfarm/assets/code/genBag.ts as file:///E:/lianlukeji/frontend/cocos/menghuanfarm/assets/code/utils.ts.
debug: Resolve cc from file:///E:/lianlukeji/frontend/cocos/menghuanfarm/assets/code/utils.ts as cce:/internal/x/cc.
debug: Resolve ./dialog from file:///E:/lianlukeji/frontend/cocos/menghuanfarm/assets/code/genBag.ts as file:///E:/lianlukeji/frontend/cocos/menghuanfarm/assets/code/dialog.ts.
debug: Resolve ./seedEffect from file:///E:/lianlukeji/frontend/cocos/menghuanfarm/assets/code/genBag.ts as file:///E:/lianlukeji/frontend/cocos/menghuanfarm/assets/code/seedEffect.ts.
debug: Resolve cce:/internal/code-quality/cr.mjs from file:///E:/lianlukeji/frontend/cocos/menghuanfarm/assets/code/seedEffect.ts as cce:/internal/code-quality/cr.mjs.
debug: Resolve cc from file:///E:/lianlukeji/frontend/cocos/menghuanfarm/assets/code/seedEffect.ts as cce:/internal/x/cc.
debug: Resolve cc from file:///E:/lianlukeji/frontend/cocos/menghuanfarm/assets/code/seedEffect.ts as cce:/internal/x/cc.
debug: Resolve cc from file:///E:/lianlukeji/frontend/cocos/menghuanfarm/assets/code/seedEffect.ts as cce:/internal/x/cc.
debug: Resolve ./dialog from file:///E:/lianlukeji/frontend/cocos/menghuanfarm/assets/code/seedEffect.ts as file:///E:/lianlukeji/frontend/cocos/menghuanfarm/assets/code/dialog.ts.
debug: Resolve ./genBag from file:///E:/lianlukeji/frontend/cocos/menghuanfarm/assets/code/seedEffect.ts as file:///E:/lianlukeji/frontend/cocos/menghuanfarm/assets/code/genBag.ts.
debug: Resolve ./genBlock from file:///E:/lianlukeji/frontend/cocos/menghuanfarm/assets/code/genBag.ts as file:///E:/lianlukeji/frontend/cocos/menghuanfarm/assets/code/genBlock.ts.
debug: Resolve cce:/internal/code-quality/cr.mjs from file:///E:/lianlukeji/frontend/cocos/menghuanfarm/assets/code/genBlock.ts as cce:/internal/code-quality/cr.mjs.
debug: Resolve cc from file:///E:/lianlukeji/frontend/cocos/menghuanfarm/assets/code/genBlock.ts as cce:/internal/x/cc.
debug: Resolve cc from file:///E:/lianlukeji/frontend/cocos/menghuanfarm/assets/code/genBlock.ts as cce:/internal/x/cc.
debug: Resolve cc from file:///E:/lianlukeji/frontend/cocos/menghuanfarm/assets/code/genBlock.ts as cce:/internal/x/cc.
debug: Resolve ./http from file:///E:/lianlukeji/frontend/cocos/menghuanfarm/assets/code/genBlock.ts as file:///E:/lianlukeji/frontend/cocos/menghuanfarm/assets/code/http.ts.
debug: Resolve ./genPlant from file:///E:/lianlukeji/frontend/cocos/menghuanfarm/assets/code/genBlock.ts as file:///E:/lianlukeji/frontend/cocos/menghuanfarm/assets/code/genPlant.ts.
debug: Resolve cce:/internal/code-quality/cr.mjs from file:///E:/lianlukeji/frontend/cocos/menghuanfarm/assets/code/genPlant.ts as cce:/internal/code-quality/cr.mjs.
debug: Resolve cc from file:///E:/lianlukeji/frontend/cocos/menghuanfarm/assets/code/genPlant.ts as cce:/internal/x/cc.
debug: Resolve cc from file:///E:/lianlukeji/frontend/cocos/menghuanfarm/assets/code/genPlant.ts as cce:/internal/x/cc.
debug: Resolve cc from file:///E:/lianlukeji/frontend/cocos/menghuanfarm/assets/code/genPlant.ts as cce:/internal/x/cc.
debug: Resolve ./utils from file:///E:/lianlukeji/frontend/cocos/menghuanfarm/assets/code/genPlant.ts as file:///E:/lianlukeji/frontend/cocos/menghuanfarm/assets/code/utils.ts.
debug: Resolve ./genBlock from file:///E:/lianlukeji/frontend/cocos/menghuanfarm/assets/code/genPlant.ts as file:///E:/lianlukeji/frontend/cocos/menghuanfarm/assets/code/genBlock.ts.
debug: Resolve ./hoverEffect from file:///E:/lianlukeji/frontend/cocos/menghuanfarm/assets/code/genPlant.ts as file:///E:/lianlukeji/frontend/cocos/menghuanfarm/assets/code/hoverEffect.ts.
debug: Resolve cce:/internal/code-quality/cr.mjs from file:///E:/lianlukeji/frontend/cocos/menghuanfarm/assets/code/hoverEffect.ts as cce:/internal/code-quality/cr.mjs.
debug: Resolve cc from file:///E:/lianlukeji/frontend/cocos/menghuanfarm/assets/code/hoverEffect.ts as cce:/internal/x/cc.
debug: Resolve cc from file:///E:/lianlukeji/frontend/cocos/menghuanfarm/assets/code/hoverEffect.ts as cce:/internal/x/cc.
debug: Resolve cc from file:///E:/lianlukeji/frontend/cocos/menghuanfarm/assets/code/hoverEffect.ts as cce:/internal/x/cc.
debug: Resolve ./dialog from file:///E:/lianlukeji/frontend/cocos/menghuanfarm/assets/code/hoverEffect.ts as file:///E:/lianlukeji/frontend/cocos/menghuanfarm/assets/code/dialog.ts.
debug: Resolve ./genBlock from file:///E:/lianlukeji/frontend/cocos/menghuanfarm/assets/code/hoverEffect.ts as file:///E:/lianlukeji/frontend/cocos/menghuanfarm/assets/code/genBlock.ts.
debug: Resolve ./dialog from file:///E:/lianlukeji/frontend/cocos/menghuanfarm/assets/code/genBlock.ts as file:///E:/lianlukeji/frontend/cocos/menghuanfarm/assets/code/dialog.ts.
debug: Resolve ./genShop from file:///E:/lianlukeji/frontend/cocos/menghuanfarm/assets/code/dialog.ts as file:///E:/lianlukeji/frontend/cocos/menghuanfarm/assets/code/genShop.ts.
debug: Resolve cce:/internal/code-quality/cr.mjs from file:///E:/lianlukeji/frontend/cocos/menghuanfarm/assets/code/genShop.ts as cce:/internal/code-quality/cr.mjs.
debug: Resolve cc from file:///E:/lianlukeji/frontend/cocos/menghuanfarm/assets/code/genShop.ts as cce:/internal/x/cc.
debug: Resolve cc from file:///E:/lianlukeji/frontend/cocos/menghuanfarm/assets/code/genShop.ts as cce:/internal/x/cc.
debug: Resolve cc from file:///E:/lianlukeji/frontend/cocos/menghuanfarm/assets/code/genShop.ts as cce:/internal/x/cc.
debug: Resolve ./http from file:///E:/lianlukeji/frontend/cocos/menghuanfarm/assets/code/genShop.ts as file:///E:/lianlukeji/frontend/cocos/menghuanfarm/assets/code/http.ts.
debug: Resolve ./buySeedEffect from file:///E:/lianlukeji/frontend/cocos/menghuanfarm/assets/code/genShop.ts as file:///E:/lianlukeji/frontend/cocos/menghuanfarm/assets/code/buySeedEffect.ts.
debug: Resolve cce:/internal/code-quality/cr.mjs from file:///E:/lianlukeji/frontend/cocos/menghuanfarm/assets/code/buySeedEffect.ts as cce:/internal/code-quality/cr.mjs.
debug: Resolve cc from file:///E:/lianlukeji/frontend/cocos/menghuanfarm/assets/code/buySeedEffect.ts as cce:/internal/x/cc.
debug: Resolve cc from file:///E:/lianlukeji/frontend/cocos/menghuanfarm/assets/code/buySeedEffect.ts as cce:/internal/x/cc.
debug: Resolve cc from file:///E:/lianlukeji/frontend/cocos/menghuanfarm/assets/code/buySeedEffect.ts as cce:/internal/x/cc.
debug: Resolve ./dialog from file:///E:/lianlukeji/frontend/cocos/menghuanfarm/assets/code/buySeedEffect.ts as file:///E:/lianlukeji/frontend/cocos/menghuanfarm/assets/code/dialog.ts.
debug: Resolve ./buySeed from file:///E:/lianlukeji/frontend/cocos/menghuanfarm/assets/code/buySeedEffect.ts as file:///E:/lianlukeji/frontend/cocos/menghuanfarm/assets/code/buySeed.ts.
debug: Resolve ./utils from file:///E:/lianlukeji/frontend/cocos/menghuanfarm/assets/code/genShop.ts as file:///E:/lianlukeji/frontend/cocos/menghuanfarm/assets/code/utils.ts.
debug: Resolve file:///E:/lianlukeji/frontend/cocos/menghuanfarm/assets/code/buySeedEffect.ts from cce:/internal/x/prerequisite-imports as file:///E:/lianlukeji/frontend/cocos/menghuanfarm/assets/code/buySeedEffect.ts.
debug: Resolve file:///E:/lianlukeji/frontend/cocos/menghuanfarm/assets/code/circles.ts from cce:/internal/x/prerequisite-imports as file:///E:/lianlukeji/frontend/cocos/menghuanfarm/assets/code/circles.ts.
debug: Resolve cce:/internal/code-quality/cr.mjs from file:///E:/lianlukeji/frontend/cocos/menghuanfarm/assets/code/circles.ts as cce:/internal/code-quality/cr.mjs.
debug: Resolve cc from file:///E:/lianlukeji/frontend/cocos/menghuanfarm/assets/code/circles.ts as cce:/internal/x/cc.
debug: Resolve cc from file:///E:/lianlukeji/frontend/cocos/menghuanfarm/assets/code/circles.ts as cce:/internal/x/cc.
debug: Resolve cc from file:///E:/lianlukeji/frontend/cocos/menghuanfarm/assets/code/circles.ts as cce:/internal/x/cc.
debug: Resolve ./http from file:///E:/lianlukeji/frontend/cocos/menghuanfarm/assets/code/circles.ts as file:///E:/lianlukeji/frontend/cocos/menghuanfarm/assets/code/http.ts.
debug: Resolve ./loadData from file:///E:/lianlukeji/frontend/cocos/menghuanfarm/assets/code/circles.ts as file:///E:/lianlukeji/frontend/cocos/menghuanfarm/assets/code/loadData.ts.
debug: Resolve ./globalData from file:///E:/lianlukeji/frontend/cocos/menghuanfarm/assets/code/circles.ts as file:///E:/lianlukeji/frontend/cocos/menghuanfarm/assets/code/globalData.ts.
debug: Resolve cce:/internal/code-quality/cr.mjs from file:///E:/lianlukeji/frontend/cocos/menghuanfarm/assets/code/globalData.ts as cce:/internal/code-quality/cr.mjs.
debug: Resolve cc from file:///E:/lianlukeji/frontend/cocos/menghuanfarm/assets/code/globalData.ts as cce:/internal/x/cc.
debug: Resolve cc from file:///E:/lianlukeji/frontend/cocos/menghuanfarm/assets/code/globalData.ts as cce:/internal/x/cc.
debug: Resolve cc from file:///E:/lianlukeji/frontend/cocos/menghuanfarm/assets/code/globalData.ts as cce:/internal/x/cc.
debug: Resolve file:///E:/lianlukeji/frontend/cocos/menghuanfarm/assets/code/dashedRectangle.ts from cce:/internal/x/prerequisite-imports as file:///E:/lianlukeji/frontend/cocos/menghuanfarm/assets/code/dashedRectangle.ts.
debug: Resolve cc from file:///E:/lianlukeji/frontend/cocos/menghuanfarm/assets/code/dashedRectangle.ts as cce:/internal/x/cc.
debug: Resolve cc from file:///E:/lianlukeji/frontend/cocos/menghuanfarm/assets/code/dashedRectangle.ts as cce:/internal/x/cc.
debug: Resolve cc from file:///E:/lianlukeji/frontend/cocos/menghuanfarm/assets/code/dashedRectangle.ts as cce:/internal/x/cc.
debug: Resolve file:///E:/lianlukeji/frontend/cocos/menghuanfarm/assets/code/dialog.ts from cce:/internal/x/prerequisite-imports as file:///E:/lianlukeji/frontend/cocos/menghuanfarm/assets/code/dialog.ts.
debug: Resolve file:///E:/lianlukeji/frontend/cocos/menghuanfarm/assets/code/drawRoundedRect.ts from cce:/internal/x/prerequisite-imports as file:///E:/lianlukeji/frontend/cocos/menghuanfarm/assets/code/drawRoundedRect.ts.
debug: Resolve cc from file:///E:/lianlukeji/frontend/cocos/menghuanfarm/assets/code/drawRoundedRect.ts as cce:/internal/x/cc.
debug: Resolve cc from file:///E:/lianlukeji/frontend/cocos/menghuanfarm/assets/code/drawRoundedRect.ts as cce:/internal/x/cc.
debug: Resolve cc from file:///E:/lianlukeji/frontend/cocos/menghuanfarm/assets/code/drawRoundedRect.ts as cce:/internal/x/cc.
debug: Resolve file:///E:/lianlukeji/frontend/cocos/menghuanfarm/assets/code/drawer.ts from cce:/internal/x/prerequisite-imports as file:///E:/lianlukeji/frontend/cocos/menghuanfarm/assets/code/drawer.ts.
debug: Resolve cc from file:///E:/lianlukeji/frontend/cocos/menghuanfarm/assets/code/drawer.ts as cce:/internal/x/cc.
debug: Resolve cc from file:///E:/lianlukeji/frontend/cocos/menghuanfarm/assets/code/drawer.ts as cce:/internal/x/cc.
debug: Resolve cc from file:///E:/lianlukeji/frontend/cocos/menghuanfarm/assets/code/drawer.ts as cce:/internal/x/cc.
debug: Resolve file:///E:/lianlukeji/frontend/cocos/menghuanfarm/assets/code/genBag.ts from cce:/internal/x/prerequisite-imports as file:///E:/lianlukeji/frontend/cocos/menghuanfarm/assets/code/genBag.ts.
debug: Resolve file:///E:/lianlukeji/frontend/cocos/menghuanfarm/assets/code/genBlock.ts from cce:/internal/x/prerequisite-imports as file:///E:/lianlukeji/frontend/cocos/menghuanfarm/assets/code/genBlock.ts.
debug: Resolve file:///E:/lianlukeji/frontend/cocos/menghuanfarm/assets/code/genInfo.ts from cce:/internal/x/prerequisite-imports as file:///E:/lianlukeji/frontend/cocos/menghuanfarm/assets/code/genInfo.ts.
debug: Resolve cce:/internal/code-quality/cr.mjs from file:///E:/lianlukeji/frontend/cocos/menghuanfarm/assets/code/genInfo.ts as cce:/internal/code-quality/cr.mjs.
debug: Resolve cc from file:///E:/lianlukeji/frontend/cocos/menghuanfarm/assets/code/genInfo.ts as cce:/internal/x/cc.
debug: Resolve cc from file:///E:/lianlukeji/frontend/cocos/menghuanfarm/assets/code/genInfo.ts as cce:/internal/x/cc.
debug: Resolve cc from file:///E:/lianlukeji/frontend/cocos/menghuanfarm/assets/code/genInfo.ts as cce:/internal/x/cc.
debug: Resolve ./http from file:///E:/lianlukeji/frontend/cocos/menghuanfarm/assets/code/genInfo.ts as file:///E:/lianlukeji/frontend/cocos/menghuanfarm/assets/code/http.ts.
debug: Resolve ./globalData from file:///E:/lianlukeji/frontend/cocos/menghuanfarm/assets/code/genInfo.ts as file:///E:/lianlukeji/frontend/cocos/menghuanfarm/assets/code/globalData.ts.
debug: Resolve file:///E:/lianlukeji/frontend/cocos/menghuanfarm/assets/code/genPlant.ts from cce:/internal/x/prerequisite-imports as file:///E:/lianlukeji/frontend/cocos/menghuanfarm/assets/code/genPlant.ts.
debug: Resolve file:///E:/lianlukeji/frontend/cocos/menghuanfarm/assets/code/genShop.ts from cce:/internal/x/prerequisite-imports as file:///E:/lianlukeji/frontend/cocos/menghuanfarm/assets/code/genShop.ts.
debug: Resolve file:///E:/lianlukeji/frontend/cocos/menghuanfarm/assets/code/globalData.ts from cce:/internal/x/prerequisite-imports as file:///E:/lianlukeji/frontend/cocos/menghuanfarm/assets/code/globalData.ts.
debug: Resolve file:///E:/lianlukeji/frontend/cocos/menghuanfarm/assets/code/harvest.ts from cce:/internal/x/prerequisite-imports as file:///E:/lianlukeji/frontend/cocos/menghuanfarm/assets/code/harvest.ts.
debug: Resolve cce:/internal/code-quality/cr.mjs from file:///E:/lianlukeji/frontend/cocos/menghuanfarm/assets/code/harvest.ts as cce:/internal/code-quality/cr.mjs.
debug: Resolve cc from file:///E:/lianlukeji/frontend/cocos/menghuanfarm/assets/code/harvest.ts as cce:/internal/x/cc.
debug: Resolve cc from file:///E:/lianlukeji/frontend/cocos/menghuanfarm/assets/code/harvest.ts as cce:/internal/x/cc.
debug: Resolve cc from file:///E:/lianlukeji/frontend/cocos/menghuanfarm/assets/code/harvest.ts as cce:/internal/x/cc.
debug: Resolve ./loadData from file:///E:/lianlukeji/frontend/cocos/menghuanfarm/assets/code/harvest.ts as file:///E:/lianlukeji/frontend/cocos/menghuanfarm/assets/code/loadData.ts.
debug: Resolve ./http from file:///E:/lianlukeji/frontend/cocos/menghuanfarm/assets/code/harvest.ts as file:///E:/lianlukeji/frontend/cocos/menghuanfarm/assets/code/http.ts.
debug: Resolve ./dialog from file:///E:/lianlukeji/frontend/cocos/menghuanfarm/assets/code/harvest.ts as file:///E:/lianlukeji/frontend/cocos/menghuanfarm/assets/code/dialog.ts.
debug: Resolve file:///E:/lianlukeji/frontend/cocos/menghuanfarm/assets/code/hoverEffect.ts from cce:/internal/x/prerequisite-imports as file:///E:/lianlukeji/frontend/cocos/menghuanfarm/assets/code/hoverEffect.ts.
debug: Resolve file:///E:/lianlukeji/frontend/cocos/menghuanfarm/assets/code/http.ts from cce:/internal/x/prerequisite-imports as file:///E:/lianlukeji/frontend/cocos/menghuanfarm/assets/code/http.ts.
debug: Resolve file:///E:/lianlukeji/frontend/cocos/menghuanfarm/assets/code/interface.ts from cce:/internal/x/prerequisite-imports as file:///E:/lianlukeji/frontend/cocos/menghuanfarm/assets/code/interface.ts.
debug: Resolve cc from file:///E:/lianlukeji/frontend/cocos/menghuanfarm/assets/code/interface.ts as cce:/internal/x/cc.
debug: Resolve file:///E:/lianlukeji/frontend/cocos/menghuanfarm/assets/code/loadData.ts from cce:/internal/x/prerequisite-imports as file:///E:/lianlukeji/frontend/cocos/menghuanfarm/assets/code/loadData.ts.
debug: Resolve file:///E:/lianlukeji/frontend/cocos/menghuanfarm/assets/code/login.ts from cce:/internal/x/prerequisite-imports as file:///E:/lianlukeji/frontend/cocos/menghuanfarm/assets/code/login.ts.
debug: Resolve cc from file:///E:/lianlukeji/frontend/cocos/menghuanfarm/assets/code/login.ts as cce:/internal/x/cc.
debug: Resolve cc from file:///E:/lianlukeji/frontend/cocos/menghuanfarm/assets/code/login.ts as cce:/internal/x/cc.
debug: Resolve cc from file:///E:/lianlukeji/frontend/cocos/menghuanfarm/assets/code/login.ts as cce:/internal/x/cc.
debug: Resolve file:///E:/lianlukeji/frontend/cocos/menghuanfarm/assets/code/main.ts from cce:/internal/x/prerequisite-imports as file:///E:/lianlukeji/frontend/cocos/menghuanfarm/assets/code/main.ts.
debug: Resolve cce:/internal/code-quality/cr.mjs from file:///E:/lianlukeji/frontend/cocos/menghuanfarm/assets/code/main.ts as cce:/internal/code-quality/cr.mjs.
debug: Resolve cc from file:///E:/lianlukeji/frontend/cocos/menghuanfarm/assets/code/main.ts as cce:/internal/x/cc.
debug: Resolve cc from file:///E:/lianlukeji/frontend/cocos/menghuanfarm/assets/code/main.ts as cce:/internal/x/cc.
debug: Resolve cc from file:///E:/lianlukeji/frontend/cocos/menghuanfarm/assets/code/main.ts as cce:/internal/x/cc.
debug: Resolve ./login from file:///E:/lianlukeji/frontend/cocos/menghuanfarm/assets/code/main.ts as file:///E:/lianlukeji/frontend/cocos/menghuanfarm/assets/code/login.ts.
debug: Resolve ./genBlock from file:///E:/lianlukeji/frontend/cocos/menghuanfarm/assets/code/main.ts as file:///E:/lianlukeji/frontend/cocos/menghuanfarm/assets/code/genBlock.ts.
debug: Resolve file:///E:/lianlukeji/frontend/cocos/menghuanfarm/assets/code/overlayMask.ts from cce:/internal/x/prerequisite-imports as file:///E:/lianlukeji/frontend/cocos/menghuanfarm/assets/code/overlayMask.ts.
debug: Resolve cc from file:///E:/lianlukeji/frontend/cocos/menghuanfarm/assets/code/overlayMask.ts as cce:/internal/x/cc.
debug: Resolve cc from file:///E:/lianlukeji/frontend/cocos/menghuanfarm/assets/code/overlayMask.ts as cce:/internal/x/cc.
debug: Resolve cc from file:///E:/lianlukeji/frontend/cocos/menghuanfarm/assets/code/overlayMask.ts as cce:/internal/x/cc.
debug: Resolve file:///E:/lianlukeji/frontend/cocos/menghuanfarm/assets/code/popupStop.ts from cce:/internal/x/prerequisite-imports as file:///E:/lianlukeji/frontend/cocos/menghuanfarm/assets/code/popupStop.ts.
debug: Resolve cc from file:///E:/lianlukeji/frontend/cocos/menghuanfarm/assets/code/popupStop.ts as cce:/internal/x/cc.
debug: Resolve cc from file:///E:/lianlukeji/frontend/cocos/menghuanfarm/assets/code/popupStop.ts as cce:/internal/x/cc.
debug: Resolve cc from file:///E:/lianlukeji/frontend/cocos/menghuanfarm/assets/code/popupStop.ts as cce:/internal/x/cc.
debug: Resolve file:///E:/lianlukeji/frontend/cocos/menghuanfarm/assets/code/scaleAction.ts from cce:/internal/x/prerequisite-imports as file:///E:/lianlukeji/frontend/cocos/menghuanfarm/assets/code/scaleAction.ts.
debug: Resolve cc from file:///E:/lianlukeji/frontend/cocos/menghuanfarm/assets/code/scaleAction.ts as cce:/internal/x/cc.
debug: Resolve cc from file:///E:/lianlukeji/frontend/cocos/menghuanfarm/assets/code/scaleAction.ts as cce:/internal/x/cc.
debug: Resolve cc from file:///E:/lianlukeji/frontend/cocos/menghuanfarm/assets/code/scaleAction.ts as cce:/internal/x/cc.
debug: Resolve file:///E:/lianlukeji/frontend/cocos/menghuanfarm/assets/code/sceneSwitcher.ts from cce:/internal/x/prerequisite-imports as file:///E:/lianlukeji/frontend/cocos/menghuanfarm/assets/code/sceneSwitcher.ts.
debug: Resolve cce:/internal/code-quality/cr.mjs from file:///E:/lianlukeji/frontend/cocos/menghuanfarm/assets/code/sceneSwitcher.ts as cce:/internal/code-quality/cr.mjs.
debug: Resolve cc from file:///E:/lianlukeji/frontend/cocos/menghuanfarm/assets/code/sceneSwitcher.ts as cce:/internal/x/cc.
debug: Resolve cc from file:///E:/lianlukeji/frontend/cocos/menghuanfarm/assets/code/sceneSwitcher.ts as cce:/internal/x/cc.
debug: Resolve cc from file:///E:/lianlukeji/frontend/cocos/menghuanfarm/assets/code/sceneSwitcher.ts as cce:/internal/x/cc.
debug: Resolve ./genBlock from file:///E:/lianlukeji/frontend/cocos/menghuanfarm/assets/code/sceneSwitcher.ts as file:///E:/lianlukeji/frontend/cocos/menghuanfarm/assets/code/genBlock.ts.
debug: Resolve file:///E:/lianlukeji/frontend/cocos/menghuanfarm/assets/code/seedEffect.ts from cce:/internal/x/prerequisite-imports as file:///E:/lianlukeji/frontend/cocos/menghuanfarm/assets/code/seedEffect.ts.
debug: Resolve file:///E:/lianlukeji/frontend/cocos/menghuanfarm/assets/code/showTelegramInfo.ts from cce:/internal/x/prerequisite-imports as file:///E:/lianlukeji/frontend/cocos/menghuanfarm/assets/code/showTelegramInfo.ts.
debug: Resolve cc from file:///E:/lianlukeji/frontend/cocos/menghuanfarm/assets/code/showTelegramInfo.ts as cce:/internal/x/cc.
debug: Resolve cc from file:///E:/lianlukeji/frontend/cocos/menghuanfarm/assets/code/showTelegramInfo.ts as cce:/internal/x/cc.
debug: Resolve cc from file:///E:/lianlukeji/frontend/cocos/menghuanfarm/assets/code/showTelegramInfo.ts as cce:/internal/x/cc.
debug: Resolve file:///E:/lianlukeji/frontend/cocos/menghuanfarm/assets/code/timer.ts from cce:/internal/x/prerequisite-imports as file:///E:/lianlukeji/frontend/cocos/menghuanfarm/assets/code/timer.ts.
debug: Resolve cce:/internal/code-quality/cr.mjs from file:///E:/lianlukeji/frontend/cocos/menghuanfarm/assets/code/timer.ts as cce:/internal/code-quality/cr.mjs.
debug: Resolve cc from file:///E:/lianlukeji/frontend/cocos/menghuanfarm/assets/code/timer.ts as cce:/internal/x/cc.
debug: Resolve cc from file:///E:/lianlukeji/frontend/cocos/menghuanfarm/assets/code/timer.ts as cce:/internal/x/cc.
debug: Resolve cc from file:///E:/lianlukeji/frontend/cocos/menghuanfarm/assets/code/timer.ts as cce:/internal/x/cc.
debug: Resolve ./loadData from file:///E:/lianlukeji/frontend/cocos/menghuanfarm/assets/code/timer.ts as file:///E:/lianlukeji/frontend/cocos/menghuanfarm/assets/code/loadData.ts.
debug: Resolve file:///E:/lianlukeji/frontend/cocos/menghuanfarm/assets/code/userAvatar.ts from cce:/internal/x/prerequisite-imports as file:///E:/lianlukeji/frontend/cocos/menghuanfarm/assets/code/userAvatar.ts.
debug: Resolve cce:/internal/code-quality/cr.mjs from file:///E:/lianlukeji/frontend/cocos/menghuanfarm/assets/code/userAvatar.ts as cce:/internal/code-quality/cr.mjs.
debug: Resolve cc from file:///E:/lianlukeji/frontend/cocos/menghuanfarm/assets/code/userAvatar.ts as cce:/internal/x/cc.
debug: Resolve cc from file:///E:/lianlukeji/frontend/cocos/menghuanfarm/assets/code/userAvatar.ts as cce:/internal/x/cc.
debug: Resolve cc from file:///E:/lianlukeji/frontend/cocos/menghuanfarm/assets/code/userAvatar.ts as cce:/internal/x/cc.
debug: Resolve @telegram-apps/sdk from file:///E:/lianlukeji/frontend/cocos/menghuanfarm/assets/code/userAvatar.ts as file:///E:/lianlukeji/frontend/cocos/menghuanfarm/node_modules/@telegram-apps/sdk/dist/index.js.
debug: Resolve file:///E:/lianlukeji/frontend/cocos/menghuanfarm/assets/code/utils.ts from cce:/internal/x/prerequisite-imports as file:///E:/lianlukeji/frontend/cocos/menghuanfarm/assets/code/utils.ts.
debug: Target(preview) ends with cost 186.8542000055313ms.
debug: Pulling asset-db.
debug: Fetch asset-db cost: 10.04780000448227ms.
debug: Build iteration starts.
Number of accumulated asset changes: 32
Feature changed: false
debug: Target(editor) build started.
debug: Detected change: cce:/internal/x/prerequisite-imports. Last mtime: Thu Jan 01 1970 08:00:06 GMT+0800 (中国标准时间), Current mtime: Thu Jan 01 1970 08:00:07 GMT+0800 (中国标准时间)
debug: Inspect cce:/internal/x/prerequisite-imports
debug: Resolve file:///E:/lianlukeji/frontend/cocos/menghuanfarm/assets/code/adaptiveCanvas.ts from cce:/internal/x/prerequisite-imports as file:///E:/lianlukeji/frontend/cocos/menghuanfarm/assets/code/adaptiveCanvas.ts.
debug: Resolve file:///E:/lianlukeji/frontend/cocos/menghuanfarm/assets/code/audioManager.ts from cce:/internal/x/prerequisite-imports as file:///E:/lianlukeji/frontend/cocos/menghuanfarm/assets/code/audioManager.ts.
debug: Resolve file:///E:/lianlukeji/frontend/cocos/menghuanfarm/assets/code/autoScaleImage.ts from cce:/internal/x/prerequisite-imports as file:///E:/lianlukeji/frontend/cocos/menghuanfarm/assets/code/autoScaleImage.ts.
debug: Resolve file:///E:/lianlukeji/frontend/cocos/menghuanfarm/assets/code/buySeed.ts from cce:/internal/x/prerequisite-imports as file:///E:/lianlukeji/frontend/cocos/menghuanfarm/assets/code/buySeed.ts.
debug: Resolve file:///E:/lianlukeji/frontend/cocos/menghuanfarm/assets/code/buySeedEffect.ts from cce:/internal/x/prerequisite-imports as file:///E:/lianlukeji/frontend/cocos/menghuanfarm/assets/code/buySeedEffect.ts.
debug: Resolve file:///E:/lianlukeji/frontend/cocos/menghuanfarm/assets/code/circles.ts from cce:/internal/x/prerequisite-imports as file:///E:/lianlukeji/frontend/cocos/menghuanfarm/assets/code/circles.ts.
debug: Resolve file:///E:/lianlukeji/frontend/cocos/menghuanfarm/assets/code/dashedRectangle.ts from cce:/internal/x/prerequisite-imports as file:///E:/lianlukeji/frontend/cocos/menghuanfarm/assets/code/dashedRectangle.ts.
debug: Resolve file:///E:/lianlukeji/frontend/cocos/menghuanfarm/assets/code/dialog.ts from cce:/internal/x/prerequisite-imports as file:///E:/lianlukeji/frontend/cocos/menghuanfarm/assets/code/dialog.ts.
debug: Resolve file:///E:/lianlukeji/frontend/cocos/menghuanfarm/assets/code/drawRoundedRect.ts from cce:/internal/x/prerequisite-imports as file:///E:/lianlukeji/frontend/cocos/menghuanfarm/assets/code/drawRoundedRect.ts.
debug: Resolve file:///E:/lianlukeji/frontend/cocos/menghuanfarm/assets/code/drawer.ts from cce:/internal/x/prerequisite-imports as file:///E:/lianlukeji/frontend/cocos/menghuanfarm/assets/code/drawer.ts.
debug: Resolve file:///E:/lianlukeji/frontend/cocos/menghuanfarm/assets/code/genBag.ts from cce:/internal/x/prerequisite-imports as file:///E:/lianlukeji/frontend/cocos/menghuanfarm/assets/code/genBag.ts.
debug: Resolve file:///E:/lianlukeji/frontend/cocos/menghuanfarm/assets/code/genBlock.ts from cce:/internal/x/prerequisite-imports as file:///E:/lianlukeji/frontend/cocos/menghuanfarm/assets/code/genBlock.ts.
debug: Resolve file:///E:/lianlukeji/frontend/cocos/menghuanfarm/assets/code/genInfo.ts from cce:/internal/x/prerequisite-imports as file:///E:/lianlukeji/frontend/cocos/menghuanfarm/assets/code/genInfo.ts.
debug: Resolve file:///E:/lianlukeji/frontend/cocos/menghuanfarm/assets/code/genPlant.ts from cce:/internal/x/prerequisite-imports as file:///E:/lianlukeji/frontend/cocos/menghuanfarm/assets/code/genPlant.ts.
debug: Resolve file:///E:/lianlukeji/frontend/cocos/menghuanfarm/assets/code/genShop.ts from cce:/internal/x/prerequisite-imports as file:///E:/lianlukeji/frontend/cocos/menghuanfarm/assets/code/genShop.ts.
debug: Resolve file:///E:/lianlukeji/frontend/cocos/menghuanfarm/assets/code/globalData.ts from cce:/internal/x/prerequisite-imports as file:///E:/lianlukeji/frontend/cocos/menghuanfarm/assets/code/globalData.ts.
debug: Resolve file:///E:/lianlukeji/frontend/cocos/menghuanfarm/assets/code/harvest.ts from cce:/internal/x/prerequisite-imports as file:///E:/lianlukeji/frontend/cocos/menghuanfarm/assets/code/harvest.ts.
debug: Resolve file:///E:/lianlukeji/frontend/cocos/menghuanfarm/assets/code/hoverEffect.ts from cce:/internal/x/prerequisite-imports as file:///E:/lianlukeji/frontend/cocos/menghuanfarm/assets/code/hoverEffect.ts.
debug: Resolve file:///E:/lianlukeji/frontend/cocos/menghuanfarm/assets/code/http.ts from cce:/internal/x/prerequisite-imports as file:///E:/lianlukeji/frontend/cocos/menghuanfarm/assets/code/http.ts.
debug: Resolve file:///E:/lianlukeji/frontend/cocos/menghuanfarm/assets/code/interface.ts from cce:/internal/x/prerequisite-imports as file:///E:/lianlukeji/frontend/cocos/menghuanfarm/assets/code/interface.ts.
debug: Resolve file:///E:/lianlukeji/frontend/cocos/menghuanfarm/assets/code/loadData.ts from cce:/internal/x/prerequisite-imports as file:///E:/lianlukeji/frontend/cocos/menghuanfarm/assets/code/loadData.ts.
debug: Resolve file:///E:/lianlukeji/frontend/cocos/menghuanfarm/assets/code/login.ts from cce:/internal/x/prerequisite-imports as file:///E:/lianlukeji/frontend/cocos/menghuanfarm/assets/code/login.ts.
debug: Resolve file:///E:/lianlukeji/frontend/cocos/menghuanfarm/assets/code/main.ts from cce:/internal/x/prerequisite-imports as file:///E:/lianlukeji/frontend/cocos/menghuanfarm/assets/code/main.ts.
debug: Resolve file:///E:/lianlukeji/frontend/cocos/menghuanfarm/assets/code/overlayMask.ts from cce:/internal/x/prerequisite-imports as file:///E:/lianlukeji/frontend/cocos/menghuanfarm/assets/code/overlayMask.ts.
debug: Resolve file:///E:/lianlukeji/frontend/cocos/menghuanfarm/assets/code/popupStop.ts from cce:/internal/x/prerequisite-imports as file:///E:/lianlukeji/frontend/cocos/menghuanfarm/assets/code/popupStop.ts.
debug: Resolve file:///E:/lianlukeji/frontend/cocos/menghuanfarm/assets/code/scaleAction.ts from cce:/internal/x/prerequisite-imports as file:///E:/lianlukeji/frontend/cocos/menghuanfarm/assets/code/scaleAction.ts.
debug: Resolve file:///E:/lianlukeji/frontend/cocos/menghuanfarm/assets/code/sceneSwitcher.ts from cce:/internal/x/prerequisite-imports as file:///E:/lianlukeji/frontend/cocos/menghuanfarm/assets/code/sceneSwitcher.ts.
debug: Resolve file:///E:/lianlukeji/frontend/cocos/menghuanfarm/assets/code/seedEffect.ts from cce:/internal/x/prerequisite-imports as file:///E:/lianlukeji/frontend/cocos/menghuanfarm/assets/code/seedEffect.ts.
debug: Resolve file:///E:/lianlukeji/frontend/cocos/menghuanfarm/assets/code/showTelegramInfo.ts from cce:/internal/x/prerequisite-imports as file:///E:/lianlukeji/frontend/cocos/menghuanfarm/assets/code/showTelegramInfo.ts.
debug: Resolve file:///E:/lianlukeji/frontend/cocos/menghuanfarm/assets/code/timer.ts from cce:/internal/x/prerequisite-imports as file:///E:/lianlukeji/frontend/cocos/menghuanfarm/assets/code/timer.ts.
debug: Resolve file:///E:/lianlukeji/frontend/cocos/menghuanfarm/assets/code/userAvatar.ts from cce:/internal/x/prerequisite-imports as file:///E:/lianlukeji/frontend/cocos/menghuanfarm/assets/code/userAvatar.ts.
debug: Resolve file:///E:/lianlukeji/frontend/cocos/menghuanfarm/assets/code/utils.ts from cce:/internal/x/prerequisite-imports as file:///E:/lianlukeji/frontend/cocos/menghuanfarm/assets/code/utils.ts.
debug: Target(editor) ends with cost 78.95890003442764ms.
debug: Target(preview) build started.
debug: Detected change: cce:/internal/x/prerequisite-imports. Last mtime: Thu Jan 01 1970 08:00:06 GMT+0800 (中国标准时间), Current mtime: Thu Jan 01 1970 08:00:07 GMT+0800 (中国标准时间)
debug: Inspect cce:/internal/x/prerequisite-imports
debug: Resolve file:///E:/lianlukeji/frontend/cocos/menghuanfarm/assets/code/adaptiveCanvas.ts from cce:/internal/x/prerequisite-imports as file:///E:/lianlukeji/frontend/cocos/menghuanfarm/assets/code/adaptiveCanvas.ts.
debug: Resolve file:///E:/lianlukeji/frontend/cocos/menghuanfarm/assets/code/audioManager.ts from cce:/internal/x/prerequisite-imports as file:///E:/lianlukeji/frontend/cocos/menghuanfarm/assets/code/audioManager.ts.
debug: Resolve file:///E:/lianlukeji/frontend/cocos/menghuanfarm/assets/code/autoScaleImage.ts from cce:/internal/x/prerequisite-imports as file:///E:/lianlukeji/frontend/cocos/menghuanfarm/assets/code/autoScaleImage.ts.
debug: Resolve file:///E:/lianlukeji/frontend/cocos/menghuanfarm/assets/code/buySeed.ts from cce:/internal/x/prerequisite-imports as file:///E:/lianlukeji/frontend/cocos/menghuanfarm/assets/code/buySeed.ts.
debug: Resolve file:///E:/lianlukeji/frontend/cocos/menghuanfarm/assets/code/buySeedEffect.ts from cce:/internal/x/prerequisite-imports as file:///E:/lianlukeji/frontend/cocos/menghuanfarm/assets/code/buySeedEffect.ts.
debug: Resolve file:///E:/lianlukeji/frontend/cocos/menghuanfarm/assets/code/circles.ts from cce:/internal/x/prerequisite-imports as file:///E:/lianlukeji/frontend/cocos/menghuanfarm/assets/code/circles.ts.
debug: Resolve file:///E:/lianlukeji/frontend/cocos/menghuanfarm/assets/code/dashedRectangle.ts from cce:/internal/x/prerequisite-imports as file:///E:/lianlukeji/frontend/cocos/menghuanfarm/assets/code/dashedRectangle.ts.
debug: Resolve file:///E:/lianlukeji/frontend/cocos/menghuanfarm/assets/code/dialog.ts from cce:/internal/x/prerequisite-imports as file:///E:/lianlukeji/frontend/cocos/menghuanfarm/assets/code/dialog.ts.
debug: Resolve file:///E:/lianlukeji/frontend/cocos/menghuanfarm/assets/code/drawRoundedRect.ts from cce:/internal/x/prerequisite-imports as file:///E:/lianlukeji/frontend/cocos/menghuanfarm/assets/code/drawRoundedRect.ts.
debug: Resolve file:///E:/lianlukeji/frontend/cocos/menghuanfarm/assets/code/drawer.ts from cce:/internal/x/prerequisite-imports as file:///E:/lianlukeji/frontend/cocos/menghuanfarm/assets/code/drawer.ts.
debug: Resolve file:///E:/lianlukeji/frontend/cocos/menghuanfarm/assets/code/genBag.ts from cce:/internal/x/prerequisite-imports as file:///E:/lianlukeji/frontend/cocos/menghuanfarm/assets/code/genBag.ts.
debug: Resolve file:///E:/lianlukeji/frontend/cocos/menghuanfarm/assets/code/genBlock.ts from cce:/internal/x/prerequisite-imports as file:///E:/lianlukeji/frontend/cocos/menghuanfarm/assets/code/genBlock.ts.
debug: Resolve file:///E:/lianlukeji/frontend/cocos/menghuanfarm/assets/code/genInfo.ts from cce:/internal/x/prerequisite-imports as file:///E:/lianlukeji/frontend/cocos/menghuanfarm/assets/code/genInfo.ts.
debug: Resolve file:///E:/lianlukeji/frontend/cocos/menghuanfarm/assets/code/genPlant.ts from cce:/internal/x/prerequisite-imports as file:///E:/lianlukeji/frontend/cocos/menghuanfarm/assets/code/genPlant.ts.
debug: Resolve file:///E:/lianlukeji/frontend/cocos/menghuanfarm/assets/code/genShop.ts from cce:/internal/x/prerequisite-imports as file:///E:/lianlukeji/frontend/cocos/menghuanfarm/assets/code/genShop.ts.
debug: Resolve file:///E:/lianlukeji/frontend/cocos/menghuanfarm/assets/code/globalData.ts from cce:/internal/x/prerequisite-imports as file:///E:/lianlukeji/frontend/cocos/menghuanfarm/assets/code/globalData.ts.
debug: Resolve file:///E:/lianlukeji/frontend/cocos/menghuanfarm/assets/code/harvest.ts from cce:/internal/x/prerequisite-imports as file:///E:/lianlukeji/frontend/cocos/menghuanfarm/assets/code/harvest.ts.
debug: Resolve file:///E:/lianlukeji/frontend/cocos/menghuanfarm/assets/code/hoverEffect.ts from cce:/internal/x/prerequisite-imports as file:///E:/lianlukeji/frontend/cocos/menghuanfarm/assets/code/hoverEffect.ts.
debug: Resolve file:///E:/lianlukeji/frontend/cocos/menghuanfarm/assets/code/http.ts from cce:/internal/x/prerequisite-imports as file:///E:/lianlukeji/frontend/cocos/menghuanfarm/assets/code/http.ts.
debug: Resolve file:///E:/lianlukeji/frontend/cocos/menghuanfarm/assets/code/interface.ts from cce:/internal/x/prerequisite-imports as file:///E:/lianlukeji/frontend/cocos/menghuanfarm/assets/code/interface.ts.
debug: Resolve file:///E:/lianlukeji/frontend/cocos/menghuanfarm/assets/code/loadData.ts from cce:/internal/x/prerequisite-imports as file:///E:/lianlukeji/frontend/cocos/menghuanfarm/assets/code/loadData.ts.
debug: Resolve file:///E:/lianlukeji/frontend/cocos/menghuanfarm/assets/code/login.ts from cce:/internal/x/prerequisite-imports as file:///E:/lianlukeji/frontend/cocos/menghuanfarm/assets/code/login.ts.
debug: Resolve file:///E:/lianlukeji/frontend/cocos/menghuanfarm/assets/code/main.ts from cce:/internal/x/prerequisite-imports as file:///E:/lianlukeji/frontend/cocos/menghuanfarm/assets/code/main.ts.
debug: Resolve file:///E:/lianlukeji/frontend/cocos/menghuanfarm/assets/code/overlayMask.ts from cce:/internal/x/prerequisite-imports as file:///E:/lianlukeji/frontend/cocos/menghuanfarm/assets/code/overlayMask.ts.
debug: Resolve file:///E:/lianlukeji/frontend/cocos/menghuanfarm/assets/code/popupStop.ts from cce:/internal/x/prerequisite-imports as file:///E:/lianlukeji/frontend/cocos/menghuanfarm/assets/code/popupStop.ts.
debug: Resolve file:///E:/lianlukeji/frontend/cocos/menghuanfarm/assets/code/scaleAction.ts from cce:/internal/x/prerequisite-imports as file:///E:/lianlukeji/frontend/cocos/menghuanfarm/assets/code/scaleAction.ts.
debug: Resolve file:///E:/lianlukeji/frontend/cocos/menghuanfarm/assets/code/sceneSwitcher.ts from cce:/internal/x/prerequisite-imports as file:///E:/lianlukeji/frontend/cocos/menghuanfarm/assets/code/sceneSwitcher.ts.
debug: Resolve file:///E:/lianlukeji/frontend/cocos/menghuanfarm/assets/code/seedEffect.ts from cce:/internal/x/prerequisite-imports as file:///E:/lianlukeji/frontend/cocos/menghuanfarm/assets/code/seedEffect.ts.
debug: Resolve file:///E:/lianlukeji/frontend/cocos/menghuanfarm/assets/code/showTelegramInfo.ts from cce:/internal/x/prerequisite-imports as file:///E:/lianlukeji/frontend/cocos/menghuanfarm/assets/code/showTelegramInfo.ts.
debug: Resolve file:///E:/lianlukeji/frontend/cocos/menghuanfarm/assets/code/timer.ts from cce:/internal/x/prerequisite-imports as file:///E:/lianlukeji/frontend/cocos/menghuanfarm/assets/code/timer.ts.
debug: Resolve file:///E:/lianlukeji/frontend/cocos/menghuanfarm/assets/code/userAvatar.ts from cce:/internal/x/prerequisite-imports as file:///E:/lianlukeji/frontend/cocos/menghuanfarm/assets/code/userAvatar.ts.
debug: Resolve file:///E:/lianlukeji/frontend/cocos/menghuanfarm/assets/code/utils.ts from cce:/internal/x/prerequisite-imports as file:///E:/lianlukeji/frontend/cocos/menghuanfarm/assets/code/utils.ts.
debug: Target(preview) ends with cost 71.25009995698929ms.
debug: Dispatch build request for time accumulated 1 asset changes.
debug: Build iteration starts.
Number of accumulated asset changes: 1
Feature changed: false
debug: Target(editor) build started.
debug: Detected change: cce:/internal/x/prerequisite-imports. Last mtime: Thu Jan 01 1970 08:00:07 GMT+0800 (中国标准时间), Current mtime: Thu Jan 01 1970 08:04:46 GMT+0800 (中国标准时间)
debug: Inspect cce:/internal/x/prerequisite-imports
debug: Resolve file:///E:/lianlukeji/frontend/cocos/menghuanfarm/assets/code/adaptiveCanvas.ts from cce:/internal/x/prerequisite-imports as file:///E:/lianlukeji/frontend/cocos/menghuanfarm/assets/code/adaptiveCanvas.ts.
debug: Resolve file:///E:/lianlukeji/frontend/cocos/menghuanfarm/assets/code/audioManager.ts from cce:/internal/x/prerequisite-imports as file:///E:/lianlukeji/frontend/cocos/menghuanfarm/assets/code/audioManager.ts.
debug: Resolve file:///E:/lianlukeji/frontend/cocos/menghuanfarm/assets/code/autoScaleImage.ts from cce:/internal/x/prerequisite-imports as file:///E:/lianlukeji/frontend/cocos/menghuanfarm/assets/code/autoScaleImage.ts.
debug: Resolve file:///E:/lianlukeji/frontend/cocos/menghuanfarm/assets/code/buySeed.ts from cce:/internal/x/prerequisite-imports as file:///E:/lianlukeji/frontend/cocos/menghuanfarm/assets/code/buySeed.ts.
debug: Resolve file:///E:/lianlukeji/frontend/cocos/menghuanfarm/assets/code/buySeedEffect.ts from cce:/internal/x/prerequisite-imports as file:///E:/lianlukeji/frontend/cocos/menghuanfarm/assets/code/buySeedEffect.ts.
debug: Resolve file:///E:/lianlukeji/frontend/cocos/menghuanfarm/assets/code/circles.ts from cce:/internal/x/prerequisite-imports as file:///E:/lianlukeji/frontend/cocos/menghuanfarm/assets/code/circles.ts.
debug: Resolve file:///E:/lianlukeji/frontend/cocos/menghuanfarm/assets/code/dashedRectangle.ts from cce:/internal/x/prerequisite-imports as file:///E:/lianlukeji/frontend/cocos/menghuanfarm/assets/code/dashedRectangle.ts.
debug: Resolve file:///E:/lianlukeji/frontend/cocos/menghuanfarm/assets/code/dialog.ts from cce:/internal/x/prerequisite-imports as file:///E:/lianlukeji/frontend/cocos/menghuanfarm/assets/code/dialog.ts.
debug: Resolve file:///E:/lianlukeji/frontend/cocos/menghuanfarm/assets/code/drawRoundedRect.ts from cce:/internal/x/prerequisite-imports as file:///E:/lianlukeji/frontend/cocos/menghuanfarm/assets/code/drawRoundedRect.ts.
debug: Resolve file:///E:/lianlukeji/frontend/cocos/menghuanfarm/assets/code/drawer.ts from cce:/internal/x/prerequisite-imports as file:///E:/lianlukeji/frontend/cocos/menghuanfarm/assets/code/drawer.ts.
debug: Resolve file:///E:/lianlukeji/frontend/cocos/menghuanfarm/assets/code/genBag.ts from cce:/internal/x/prerequisite-imports as file:///E:/lianlukeji/frontend/cocos/menghuanfarm/assets/code/genBag.ts.
debug: Resolve file:///E:/lianlukeji/frontend/cocos/menghuanfarm/assets/code/genBlock.ts from cce:/internal/x/prerequisite-imports as file:///E:/lianlukeji/frontend/cocos/menghuanfarm/assets/code/genBlock.ts.
debug: Resolve file:///E:/lianlukeji/frontend/cocos/menghuanfarm/assets/code/genInfo.ts from cce:/internal/x/prerequisite-imports as file:///E:/lianlukeji/frontend/cocos/menghuanfarm/assets/code/genInfo.ts.
debug: Resolve file:///E:/lianlukeji/frontend/cocos/menghuanfarm/assets/code/genPlant.ts from cce:/internal/x/prerequisite-imports as file:///E:/lianlukeji/frontend/cocos/menghuanfarm/assets/code/genPlant.ts.
debug: Resolve file:///E:/lianlukeji/frontend/cocos/menghuanfarm/assets/code/genShop.ts from cce:/internal/x/prerequisite-imports as file:///E:/lianlukeji/frontend/cocos/menghuanfarm/assets/code/genShop.ts.
debug: Resolve file:///E:/lianlukeji/frontend/cocos/menghuanfarm/assets/code/globalData.ts from cce:/internal/x/prerequisite-imports as file:///E:/lianlukeji/frontend/cocos/menghuanfarm/assets/code/globalData.ts.
debug: Resolve file:///E:/lianlukeji/frontend/cocos/menghuanfarm/assets/code/harvest.ts from cce:/internal/x/prerequisite-imports as file:///E:/lianlukeji/frontend/cocos/menghuanfarm/assets/code/harvest.ts.
debug: Resolve file:///E:/lianlukeji/frontend/cocos/menghuanfarm/assets/code/hoverEffect.ts from cce:/internal/x/prerequisite-imports as file:///E:/lianlukeji/frontend/cocos/menghuanfarm/assets/code/hoverEffect.ts.
debug: Resolve file:///E:/lianlukeji/frontend/cocos/menghuanfarm/assets/code/http.ts from cce:/internal/x/prerequisite-imports as file:///E:/lianlukeji/frontend/cocos/menghuanfarm/assets/code/http.ts.
debug: Resolve file:///E:/lianlukeji/frontend/cocos/menghuanfarm/assets/code/interface.ts from cce:/internal/x/prerequisite-imports as file:///E:/lianlukeji/frontend/cocos/menghuanfarm/assets/code/interface.ts.
debug: Resolve file:///E:/lianlukeji/frontend/cocos/menghuanfarm/assets/code/loadData.ts from cce:/internal/x/prerequisite-imports as file:///E:/lianlukeji/frontend/cocos/menghuanfarm/assets/code/loadData.ts.
debug: Resolve file:///E:/lianlukeji/frontend/cocos/menghuanfarm/assets/code/login.ts from cce:/internal/x/prerequisite-imports as file:///E:/lianlukeji/frontend/cocos/menghuanfarm/assets/code/login.ts.
debug: Resolve file:///E:/lianlukeji/frontend/cocos/menghuanfarm/assets/code/main.ts from cce:/internal/x/prerequisite-imports as file:///E:/lianlukeji/frontend/cocos/menghuanfarm/assets/code/main.ts.
debug: Resolve file:///E:/lianlukeji/frontend/cocos/menghuanfarm/assets/code/overlayMask.ts from cce:/internal/x/prerequisite-imports as file:///E:/lianlukeji/frontend/cocos/menghuanfarm/assets/code/overlayMask.ts.
debug: Resolve file:///E:/lianlukeji/frontend/cocos/menghuanfarm/assets/code/popupStop.ts from cce:/internal/x/prerequisite-imports as file:///E:/lianlukeji/frontend/cocos/menghuanfarm/assets/code/popupStop.ts.
debug: Resolve file:///E:/lianlukeji/frontend/cocos/menghuanfarm/assets/code/scaleAction.ts from cce:/internal/x/prerequisite-imports as file:///E:/lianlukeji/frontend/cocos/menghuanfarm/assets/code/scaleAction.ts.
debug: Resolve file:///E:/lianlukeji/frontend/cocos/menghuanfarm/assets/code/sceneSwitcher.ts from cce:/internal/x/prerequisite-imports as file:///E:/lianlukeji/frontend/cocos/menghuanfarm/assets/code/sceneSwitcher.ts.
debug: Resolve file:///E:/lianlukeji/frontend/cocos/menghuanfarm/assets/code/seedEffect.ts from cce:/internal/x/prerequisite-imports as file:///E:/lianlukeji/frontend/cocos/menghuanfarm/assets/code/seedEffect.ts.
debug: Resolve file:///E:/lianlukeji/frontend/cocos/menghuanfarm/assets/code/showTelegramInfo.ts from cce:/internal/x/prerequisite-imports as file:///E:/lianlukeji/frontend/cocos/menghuanfarm/assets/code/showTelegramInfo.ts.
debug: Resolve file:///E:/lianlukeji/frontend/cocos/menghuanfarm/assets/code/timer.ts from cce:/internal/x/prerequisite-imports as file:///E:/lianlukeji/frontend/cocos/menghuanfarm/assets/code/timer.ts.
debug: Resolve file:///E:/lianlukeji/frontend/cocos/menghuanfarm/assets/code/userAvatar.ts from cce:/internal/x/prerequisite-imports as file:///E:/lianlukeji/frontend/cocos/menghuanfarm/assets/code/userAvatar.ts.
debug: Detected change: file:///E:/lianlukeji/frontend/cocos/menghuanfarm/assets/code/userAvatar.ts. Last mtime: Mon Nov 25 2024 14:56:38 GMT+0800 (中国标准时间)@11f81f04-9e76-48fb-ac7a-2e125f21a855, Current mtime: Mon Nov 25 2024 15:02:05 GMT+0800 (中国标准时间)@11f81f04-9e76-48fb-ac7a-2e125f21a855
debug: Inspect file:///E:/lianlukeji/frontend/cocos/menghuanfarm/assets/code/userAvatar.ts
debug: Resolve cce:/internal/code-quality/cr.mjs from file:///E:/lianlukeji/frontend/cocos/menghuanfarm/assets/code/userAvatar.ts as cce:/internal/code-quality/cr.mjs.
debug: Resolve cc from file:///E:/lianlukeji/frontend/cocos/menghuanfarm/assets/code/userAvatar.ts as cce:/internal/x/cc.
debug: Resolve cc from file:///E:/lianlukeji/frontend/cocos/menghuanfarm/assets/code/userAvatar.ts as cce:/internal/x/cc.
debug: Resolve cc from file:///E:/lianlukeji/frontend/cocos/menghuanfarm/assets/code/userAvatar.ts as cce:/internal/x/cc.
debug: Resolve @telegram-apps/sdk from file:///E:/lianlukeji/frontend/cocos/menghuanfarm/assets/code/userAvatar.ts as file:///E:/lianlukeji/frontend/cocos/menghuanfarm/node_modules/@telegram-apps/sdk/dist/index.js.
debug: Resolve file:///E:/lianlukeji/frontend/cocos/menghuanfarm/assets/code/utils.ts from cce:/internal/x/prerequisite-imports as file:///E:/lianlukeji/frontend/cocos/menghuanfarm/assets/code/utils.ts.
debug: Target(editor) ends with cost 241.62919998168945ms.
debug: Target(preview) build started.
debug: Detected change: cce:/internal/x/prerequisite-imports. Last mtime: Thu Jan 01 1970 08:00:07 GMT+0800 (中国标准时间), Current mtime: Thu Jan 01 1970 08:04:46 GMT+0800 (中国标准时间)
debug: Inspect cce:/internal/x/prerequisite-imports
debug: Resolve file:///E:/lianlukeji/frontend/cocos/menghuanfarm/assets/code/adaptiveCanvas.ts from cce:/internal/x/prerequisite-imports as file:///E:/lianlukeji/frontend/cocos/menghuanfarm/assets/code/adaptiveCanvas.ts.
debug: Resolve file:///E:/lianlukeji/frontend/cocos/menghuanfarm/assets/code/audioManager.ts from cce:/internal/x/prerequisite-imports as file:///E:/lianlukeji/frontend/cocos/menghuanfarm/assets/code/audioManager.ts.
debug: Resolve file:///E:/lianlukeji/frontend/cocos/menghuanfarm/assets/code/autoScaleImage.ts from cce:/internal/x/prerequisite-imports as file:///E:/lianlukeji/frontend/cocos/menghuanfarm/assets/code/autoScaleImage.ts.
debug: Resolve file:///E:/lianlukeji/frontend/cocos/menghuanfarm/assets/code/buySeed.ts from cce:/internal/x/prerequisite-imports as file:///E:/lianlukeji/frontend/cocos/menghuanfarm/assets/code/buySeed.ts.
debug: Resolve file:///E:/lianlukeji/frontend/cocos/menghuanfarm/assets/code/buySeedEffect.ts from cce:/internal/x/prerequisite-imports as file:///E:/lianlukeji/frontend/cocos/menghuanfarm/assets/code/buySeedEffect.ts.
debug: Resolve file:///E:/lianlukeji/frontend/cocos/menghuanfarm/assets/code/circles.ts from cce:/internal/x/prerequisite-imports as file:///E:/lianlukeji/frontend/cocos/menghuanfarm/assets/code/circles.ts.
debug: Resolve file:///E:/lianlukeji/frontend/cocos/menghuanfarm/assets/code/dashedRectangle.ts from cce:/internal/x/prerequisite-imports as file:///E:/lianlukeji/frontend/cocos/menghuanfarm/assets/code/dashedRectangle.ts.
debug: Resolve file:///E:/lianlukeji/frontend/cocos/menghuanfarm/assets/code/dialog.ts from cce:/internal/x/prerequisite-imports as file:///E:/lianlukeji/frontend/cocos/menghuanfarm/assets/code/dialog.ts.
debug: Resolve file:///E:/lianlukeji/frontend/cocos/menghuanfarm/assets/code/drawRoundedRect.ts from cce:/internal/x/prerequisite-imports as file:///E:/lianlukeji/frontend/cocos/menghuanfarm/assets/code/drawRoundedRect.ts.
debug: Resolve file:///E:/lianlukeji/frontend/cocos/menghuanfarm/assets/code/drawer.ts from cce:/internal/x/prerequisite-imports as file:///E:/lianlukeji/frontend/cocos/menghuanfarm/assets/code/drawer.ts.
debug: Resolve file:///E:/lianlukeji/frontend/cocos/menghuanfarm/assets/code/genBag.ts from cce:/internal/x/prerequisite-imports as file:///E:/lianlukeji/frontend/cocos/menghuanfarm/assets/code/genBag.ts.
debug: Resolve file:///E:/lianlukeji/frontend/cocos/menghuanfarm/assets/code/genBlock.ts from cce:/internal/x/prerequisite-imports as file:///E:/lianlukeji/frontend/cocos/menghuanfarm/assets/code/genBlock.ts.
debug: Resolve file:///E:/lianlukeji/frontend/cocos/menghuanfarm/assets/code/genInfo.ts from cce:/internal/x/prerequisite-imports as file:///E:/lianlukeji/frontend/cocos/menghuanfarm/assets/code/genInfo.ts.
debug: Resolve file:///E:/lianlukeji/frontend/cocos/menghuanfarm/assets/code/genPlant.ts from cce:/internal/x/prerequisite-imports as file:///E:/lianlukeji/frontend/cocos/menghuanfarm/assets/code/genPlant.ts.
debug: Resolve file:///E:/lianlukeji/frontend/cocos/menghuanfarm/assets/code/genShop.ts from cce:/internal/x/prerequisite-imports as file:///E:/lianlukeji/frontend/cocos/menghuanfarm/assets/code/genShop.ts.
debug: Resolve file:///E:/lianlukeji/frontend/cocos/menghuanfarm/assets/code/globalData.ts from cce:/internal/x/prerequisite-imports as file:///E:/lianlukeji/frontend/cocos/menghuanfarm/assets/code/globalData.ts.
debug: Resolve file:///E:/lianlukeji/frontend/cocos/menghuanfarm/assets/code/harvest.ts from cce:/internal/x/prerequisite-imports as file:///E:/lianlukeji/frontend/cocos/menghuanfarm/assets/code/harvest.ts.
debug: Resolve file:///E:/lianlukeji/frontend/cocos/menghuanfarm/assets/code/hoverEffect.ts from cce:/internal/x/prerequisite-imports as file:///E:/lianlukeji/frontend/cocos/menghuanfarm/assets/code/hoverEffect.ts.
debug: Resolve file:///E:/lianlukeji/frontend/cocos/menghuanfarm/assets/code/http.ts from cce:/internal/x/prerequisite-imports as file:///E:/lianlukeji/frontend/cocos/menghuanfarm/assets/code/http.ts.
debug: Resolve file:///E:/lianlukeji/frontend/cocos/menghuanfarm/assets/code/interface.ts from cce:/internal/x/prerequisite-imports as file:///E:/lianlukeji/frontend/cocos/menghuanfarm/assets/code/interface.ts.
debug: Resolve file:///E:/lianlukeji/frontend/cocos/menghuanfarm/assets/code/loadData.ts from cce:/internal/x/prerequisite-imports as file:///E:/lianlukeji/frontend/cocos/menghuanfarm/assets/code/loadData.ts.
debug: Resolve file:///E:/lianlukeji/frontend/cocos/menghuanfarm/assets/code/login.ts from cce:/internal/x/prerequisite-imports as file:///E:/lianlukeji/frontend/cocos/menghuanfarm/assets/code/login.ts.
debug: Resolve file:///E:/lianlukeji/frontend/cocos/menghuanfarm/assets/code/main.ts from cce:/internal/x/prerequisite-imports as file:///E:/lianlukeji/frontend/cocos/menghuanfarm/assets/code/main.ts.
debug: Resolve file:///E:/lianlukeji/frontend/cocos/menghuanfarm/assets/code/overlayMask.ts from cce:/internal/x/prerequisite-imports as file:///E:/lianlukeji/frontend/cocos/menghuanfarm/assets/code/overlayMask.ts.
debug: Resolve file:///E:/lianlukeji/frontend/cocos/menghuanfarm/assets/code/popupStop.ts from cce:/internal/x/prerequisite-imports as file:///E:/lianlukeji/frontend/cocos/menghuanfarm/assets/code/popupStop.ts.
debug: Resolve file:///E:/lianlukeji/frontend/cocos/menghuanfarm/assets/code/scaleAction.ts from cce:/internal/x/prerequisite-imports as file:///E:/lianlukeji/frontend/cocos/menghuanfarm/assets/code/scaleAction.ts.
debug: Resolve file:///E:/lianlukeji/frontend/cocos/menghuanfarm/assets/code/sceneSwitcher.ts from cce:/internal/x/prerequisite-imports as file:///E:/lianlukeji/frontend/cocos/menghuanfarm/assets/code/sceneSwitcher.ts.
debug: Resolve file:///E:/lianlukeji/frontend/cocos/menghuanfarm/assets/code/seedEffect.ts from cce:/internal/x/prerequisite-imports as file:///E:/lianlukeji/frontend/cocos/menghuanfarm/assets/code/seedEffect.ts.
debug: Resolve file:///E:/lianlukeji/frontend/cocos/menghuanfarm/assets/code/showTelegramInfo.ts from cce:/internal/x/prerequisite-imports as file:///E:/lianlukeji/frontend/cocos/menghuanfarm/assets/code/showTelegramInfo.ts.
debug: Resolve file:///E:/lianlukeji/frontend/cocos/menghuanfarm/assets/code/timer.ts from cce:/internal/x/prerequisite-imports as file:///E:/lianlukeji/frontend/cocos/menghuanfarm/assets/code/timer.ts.
debug: Resolve file:///E:/lianlukeji/frontend/cocos/menghuanfarm/assets/code/userAvatar.ts from cce:/internal/x/prerequisite-imports as file:///E:/lianlukeji/frontend/cocos/menghuanfarm/assets/code/userAvatar.ts.
debug: Detected change: file:///E:/lianlukeji/frontend/cocos/menghuanfarm/assets/code/userAvatar.ts. Last mtime: Mon Nov 25 2024 14:56:38 GMT+0800 (中国标准时间)@11f81f04-9e76-48fb-ac7a-2e125f21a855, Current mtime: Mon Nov 25 2024 15:02:05 GMT+0800 (中国标准时间)@11f81f04-9e76-48fb-ac7a-2e125f21a855
debug: Inspect file:///E:/lianlukeji/frontend/cocos/menghuanfarm/assets/code/userAvatar.ts
debug: Resolve cce:/internal/code-quality/cr.mjs from file:///E:/lianlukeji/frontend/cocos/menghuanfarm/assets/code/userAvatar.ts as cce:/internal/code-quality/cr.mjs.
debug: Resolve cc from file:///E:/lianlukeji/frontend/cocos/menghuanfarm/assets/code/userAvatar.ts as cce:/internal/x/cc.
debug: Resolve cc from file:///E:/lianlukeji/frontend/cocos/menghuanfarm/assets/code/userAvatar.ts as cce:/internal/x/cc.
debug: Resolve cc from file:///E:/lianlukeji/frontend/cocos/menghuanfarm/assets/code/userAvatar.ts as cce:/internal/x/cc.
debug: Resolve @telegram-apps/sdk from file:///E:/lianlukeji/frontend/cocos/menghuanfarm/assets/code/userAvatar.ts as file:///E:/lianlukeji/frontend/cocos/menghuanfarm/node_modules/@telegram-apps/sdk/dist/index.js.
debug: Resolve file:///E:/lianlukeji/frontend/cocos/menghuanfarm/assets/code/utils.ts from cce:/internal/x/prerequisite-imports as file:///E:/lianlukeji/frontend/cocos/menghuanfarm/assets/code/utils.ts.
debug: Target(preview) ends with cost 176.42550003528595ms.
